[0.765s] [34mcolcon[0m [1;30mDEBUG[0m [32mCommand line arguments: ['C:\\Users\\dsai9\\AppData\\Roaming\\MathWorks\\MATLAB\\R2024a\\ros2\\win64\\venv\\Scripts\\colcon', 'build', '--merge-install', '--cmake-args', '-DCMAKE_BUILD_TYPE=Release', '-DBUILD_TESTING=OFF', '-DALIAS_ROS2_TF2=1', '-DCMAKE_CXX_FLAGS_RELEASE=/MD /Od /Ob2 /DNDEBUG', '-G', 'Ninja'][0m
[0.765s] [34mcolcon[0m [1;30mDEBUG[0m [32mParsed command line arguments: Namespace(log_base=None, log_level=None, verb_name='build', build_base='build', install_base='install', merge_install=True, symlink_install=False, test_result_base=None, continue_on_error=False, executor='parallel', parallel_workers=12, event_handlers=None, ignore_user_meta=False, metas=['./colcon.meta'], base_paths=['.'], packages_ignore=None, packages_ignore_regex=None, paths=None, packages_up_to=None, packages_up_to_regex=None, packages_above=None, packages_above_and_dependencies=None, packages_above_depth=None, packages_select_by_dep=None, packages_skip_by_dep=None, packages_skip_up_to=None, packages_select_build_failed=False, packages_skip_build_finished=False, packages_select_test_failures=False, packages_skip_test_passed=False, packages_select=None, packages_skip=None, packages_select_regex=None, packages_skip_regex=None, packages_start=None, packages_end=None, cmake_args=['-DCMAKE_BUILD_TYPE=Release', '-DBUILD_TESTING=OFF', '-DALIAS_ROS2_TF2=1', '-DCMAKE_CXX_FLAGS_RELEASE=/MD /Od /Ob2 /DNDEBUG', '-G', 'Ninja'], cmake_target=None, cmake_target_skip_unavailable=False, cmake_clean_cache=False, cmake_clean_first=False, cmake_force_configure=False, ament_cmake_args=None, catkin_cmake_args=None, catkin_skip_building_tests=False, verb_parser=<colcon_defaults.argument_parser.defaults.DefaultArgumentsDecorator object at 0x000002D2C60582E0>, verb_extension=<colcon_core.verb.build.BuildVerb object at 0x000002D2C5FECAF0>, main=<bound method BuildVerb.main of <colcon_core.verb.build.BuildVerb object at 0x000002D2C5FECAF0>>)[0m
[0.885s] [34mcolcon.colcon_core.package_discovery[0m [1;30mLevel 1[0m discover_packages(colcon_meta) check parameters
[0.885s] [34mcolcon.colcon_core.package_discovery[0m [1;30mLevel 1[0m discover_packages(recursive) check parameters
[0.885s] [34mcolcon.colcon_core.package_discovery[0m [1;30mLevel 1[0m discover_packages(ignore) check parameters
[0.885s] [34mcolcon.colcon_core.package_discovery[0m [1;30mLevel 1[0m discover_packages(path) check parameters
[0.885s] [34mcolcon.colcon_core.package_discovery[0m [1;30mLevel 1[0m discover_packages(colcon_meta) discover
[0.885s] [34mcolcon.colcon_core.package_discovery[0m [1;30mLevel 1[0m discover_packages(recursive) discover
[0.885s] [34mcolcon.colcon_core.package_discovery[0m [1;30mINFO[0m Crawling recursively for packages in 'C:\Users\dsai9\OneDrive\Documents\MATLAB\bno055\custom\matlab_msg_gen\win64'
[0.885s] [34mcolcon.colcon_core.package_identification[0m [1;30mLevel 1[0m _identify(.) by extensions ['ignore', 'ignore_ament_install']
[0.886s] [34mcolcon.colcon_core.package_identification[0m [1;30mLevel 1[0m _identify(.) by extension 'ignore'
[0.886s] [34mcolcon.colcon_core.package_identification[0m [1;30mLevel 1[0m _identify(.) by extension 'ignore_ament_install'
[0.886s] [34mcolcon.colcon_core.package_identification[0m [1;30mLevel 1[0m _identify(.) by extensions ['colcon_pkg']
[0.886s] [34mcolcon.colcon_core.package_identification[0m [1;30mLevel 1[0m _identify(.) by extension 'colcon_pkg'
[0.886s] [34mcolcon.colcon_core.package_identification[0m [1;30mLevel 1[0m _identify(.) by extensions ['colcon_meta']
[0.886s] [34mcolcon.colcon_core.package_identification[0m [1;30mLevel 1[0m _identify(.) by extension 'colcon_meta'
[0.886s] [34mcolcon.colcon_core.package_identification[0m [1;30mLevel 1[0m _identify(.) by extensions ['ros']
[0.886s] [34mcolcon.colcon_core.package_identification[0m [1;30mLevel 1[0m _identify(.) by extension 'ros'
[0.917s] [34mcolcon.colcon_core.package_identification[0m [1;30mLevel 1[0m _identify(.) by extensions ['cmake', 'python']
[0.917s] [34mcolcon.colcon_core.package_identification[0m [1;30mLevel 1[0m _identify(.) by extension 'cmake'
[0.917s] [34mcolcon.colcon_core.package_identification[0m [1;30mLevel 1[0m _identify(.) by extension 'python'
[0.918s] [34mcolcon.colcon_core.package_identification[0m [1;30mLevel 1[0m _identify(.) by extensions ['python_setup_py']
[0.918s] [34mcolcon.colcon_core.package_identification[0m [1;30mLevel 1[0m _identify(.) by extension 'python_setup_py'
[0.918s] [34mcolcon.colcon_core.package_identification[0m [1;30mLevel 1[0m _identify(build) by extensions ['ignore', 'ignore_ament_install']
[0.918s] [34mcolcon.colcon_core.package_identification[0m [1;30mLevel 1[0m _identify(build) by extension 'ignore'
[0.918s] [34mcolcon.colcon_core.package_identification[0m [1;30mLevel 1[0m _identify(build) ignored
[0.919s] [34mcolcon.colcon_core.package_identification[0m [1;30mLevel 1[0m _identify(install) by extensions ['ignore', 'ignore_ament_install']
[0.919s] [34mcolcon.colcon_core.package_identification[0m [1;30mLevel 1[0m _identify(install) by extension 'ignore'
[0.919s] [34mcolcon.colcon_core.package_identification[0m [1;30mLevel 1[0m _identify(install) ignored
[0.919s] [34mcolcon.colcon_core.package_identification[0m [1;30mLevel 1[0m _identify(log) by extensions ['ignore', 'ignore_ament_install']
[0.919s] [34mcolcon.colcon_core.package_identification[0m [1;30mLevel 1[0m _identify(log) by extension 'ignore'
[0.920s] [34mcolcon.colcon_core.package_identification[0m [1;30mLevel 1[0m _identify(log) ignored
[0.920s] [34mcolcon.colcon_core.package_identification[0m [1;30mLevel 1[0m _identify(src) by extensions ['ignore', 'ignore_ament_install']
[0.920s] [34mcolcon.colcon_core.package_identification[0m [1;30mLevel 1[0m _identify(src) by extension 'ignore'
[0.920s] [34mcolcon.colcon_core.package_identification[0m [1;30mLevel 1[0m _identify(src) by extension 'ignore_ament_install'
[0.920s] [34mcolcon.colcon_core.package_identification[0m [1;30mLevel 1[0m _identify(src) by extensions ['colcon_pkg']
[0.920s] [34mcolcon.colcon_core.package_identification[0m [1;30mLevel 1[0m _identify(src) by extension 'colcon_pkg'
[0.920s] [34mcolcon.colcon_core.package_identification[0m [1;30mLevel 1[0m _identify(src) by extensions ['colcon_meta']
[0.920s] [34mcolcon.colcon_core.package_identification[0m [1;30mLevel 1[0m _identify(src) by extension 'colcon_meta'
[0.921s] [34mcolcon.colcon_core.package_identification[0m [1;30mLevel 1[0m _identify(src) by extensions ['ros']
[0.921s] [34mcolcon.colcon_core.package_identification[0m [1;30mLevel 1[0m _identify(src) by extension 'ros'
[0.921s] [34mcolcon.colcon_core.package_identification[0m [1;30mLevel 1[0m _identify(src) by extensions ['cmake', 'python']
[0.921s] [34mcolcon.colcon_core.package_identification[0m [1;30mLevel 1[0m _identify(src) by extension 'cmake'
[0.921s] [34mcolcon.colcon_core.package_identification[0m [1;30mLevel 1[0m _identify(src) by extension 'python'
[0.921s] [34mcolcon.colcon_core.package_identification[0m [1;30mLevel 1[0m _identify(src) by extensions ['python_setup_py']
[0.921s] [34mcolcon.colcon_core.package_identification[0m [1;30mLevel 1[0m _identify(src) by extension 'python_setup_py'
[0.921s] [34mcolcon.colcon_core.package_identification[0m [1;30mLevel 1[0m _identify(src\aerobot_interfaces) by extensions ['ignore', 'ignore_ament_install']
[0.921s] [34mcolcon.colcon_core.package_identification[0m [1;30mLevel 1[0m _identify(src\aerobot_interfaces) by extension 'ignore'
[0.922s] [34mcolcon.colcon_core.package_identification[0m [1;30mLevel 1[0m _identify(src\aerobot_interfaces) by extension 'ignore_ament_install'
[0.922s] [34mcolcon.colcon_core.package_identification[0m [1;30mLevel 1[0m _identify(src\aerobot_interfaces) by extensions ['colcon_pkg']
[0.922s] [34mcolcon.colcon_core.package_identification[0m [1;30mLevel 1[0m _identify(src\aerobot_interfaces) by extension 'colcon_pkg'
[0.922s] [34mcolcon.colcon_core.package_identification[0m [1;30mLevel 1[0m _identify(src\aerobot_interfaces) by extensions ['colcon_meta']
[0.922s] [34mcolcon.colcon_core.package_identification[0m [1;30mLevel 1[0m _identify(src\aerobot_interfaces) by extension 'colcon_meta'
[0.922s] [34mcolcon.colcon_core.package_identification[0m [1;30mLevel 1[0m _identify(src\aerobot_interfaces) by extensions ['ros']
[0.922s] [34mcolcon.colcon_core.package_identification[0m [1;30mLevel 1[0m _identify(src\aerobot_interfaces) by extension 'ros'
[0.928s] [34mcolcon.colcon_core.package_identification[0m [1;30mDEBUG[0m [32mPackage 'src\aerobot_interfaces' with type 'ros.ament_cmake' and name 'aerobot_interfaces'[0m
[0.928s] [34mcolcon.colcon_core.package_discovery[0m [1;30mLevel 1[0m discover_packages(recursive) using defaults
[0.928s] [34mcolcon.colcon_core.package_discovery[0m [1;30mLevel 1[0m discover_packages(ignore) discover
[0.929s] [34mcolcon.colcon_core.package_discovery[0m [1;30mLevel 1[0m discover_packages(ignore) using defaults
[0.929s] [34mcolcon.colcon_core.package_discovery[0m [1;30mLevel 1[0m discover_packages(path) discover
[0.929s] [34mcolcon.colcon_core.package_discovery[0m [1;30mLevel 1[0m discover_packages(path) using defaults
[0.990s] [34mcolcon.colcon_core.verb[0m [1;30mLevel 5[0m set package 'aerobot_interfaces' build argument 'cmake_args' from command line to '['-DCMAKE_BUILD_TYPE=Release', '-DBUILD_TESTING=OFF', '-DALIAS_ROS2_TF2=1', '-DCMAKE_CXX_FLAGS_RELEASE=/MD /Od /Ob2 /DNDEBUG', '-G', 'Ninja']'
[0.990s] [34mcolcon.colcon_core.verb[0m [1;30mLevel 5[0m set package 'aerobot_interfaces' build argument 'cmake_target' from command line to 'None'
[0.990s] [34mcolcon.colcon_core.verb[0m [1;30mLevel 5[0m set package 'aerobot_interfaces' build argument 'cmake_target_skip_unavailable' from command line to 'False'
[0.990s] [34mcolcon.colcon_core.verb[0m [1;30mLevel 5[0m set package 'aerobot_interfaces' build argument 'cmake_clean_cache' from command line to 'False'
[0.990s] [34mcolcon.colcon_core.verb[0m [1;30mLevel 5[0m set package 'aerobot_interfaces' build argument 'cmake_clean_first' from command line to 'False'
[0.990s] [34mcolcon.colcon_core.verb[0m [1;30mLevel 5[0m set package 'aerobot_interfaces' build argument 'cmake_force_configure' from command line to 'False'
[0.990s] [34mcolcon.colcon_core.verb[0m [1;30mLevel 5[0m set package 'aerobot_interfaces' build argument 'ament_cmake_args' from command line to 'None'
[0.990s] [34mcolcon.colcon_core.verb[0m [1;30mLevel 5[0m set package 'aerobot_interfaces' build argument 'catkin_cmake_args' from command line to 'None'
[0.990s] [34mcolcon.colcon_core.verb[0m [1;30mLevel 5[0m set package 'aerobot_interfaces' build argument 'catkin_skip_building_tests' from command line to 'False'
[0.990s] [34mcolcon.colcon_core.verb[0m [1;30mDEBUG[0m [32mBuilding package 'aerobot_interfaces' with the following arguments: {'ament_cmake_args': None, 'build_base': 'C:\\Users\\dsai9\\OneDrive\\Documents\\MATLAB\\bno055\\custom\\matlab_msg_gen\\win64\\build\\aerobot_interfaces', 'catkin_cmake_args': None, 'catkin_skip_building_tests': False, 'cmake_args': ['-DCMAKE_BUILD_TYPE=Release', '-DBUILD_TESTING=OFF', '-DALIAS_ROS2_TF2=1', '-DCMAKE_CXX_FLAGS_RELEASE=/MD /Od /Ob2 /DNDEBUG', '-G', 'Ninja'], 'cmake_clean_cache': False, 'cmake_clean_first': False, 'cmake_force_configure': False, 'cmake_target': None, 'cmake_target_skip_unavailable': False, 'install_base': 'C:\\Users\\dsai9\\OneDrive\\Documents\\MATLAB\\bno055\\custom\\matlab_msg_gen\\win64\\install', 'merge_install': True, 'path': 'C:\\Users\\dsai9\\OneDrive\\Documents\\MATLAB\\bno055\\custom\\matlab_msg_gen\\win64\\src\\aerobot_interfaces', 'symlink_install': False, 'test_result_base': None}[0m
[0.993s] [34mcolcon.colcon_core.executor[0m [1;30mINFO[0m Executing jobs using 'parallel' executor
[1.015s] [34mcolcon.colcon_parallel_executor.executor.parallel[0m [1;30mDEBUG[0m [32mrun_until_complete[0m
[1.015s] [34mcolcon.colcon_ros.task.ament_cmake.build[0m [1;30mINFO[0m Building ROS package in 'C:\Users\dsai9\OneDrive\Documents\MATLAB\bno055\custom\matlab_msg_gen\win64\src\aerobot_interfaces' with build type 'ament_cmake'
[1.016s] [34mcolcon.colcon_cmake.task.cmake.build[0m [1;30mINFO[0m Building CMake package in 'C:\Users\dsai9\OneDrive\Documents\MATLAB\bno055\custom\matlab_msg_gen\win64\src\aerobot_interfaces'
[1.024s] [34mcolcon.colcon_core.plugin_system[0m [1;30mINFO[0m Skipping extension 'colcon_core.shell.sh': Not used on Windows systems
[1.024s] [34mcolcon.colcon_core.shell[0m [1;30mINFO[0m Skip shell extension 'powershell' for command environment: Not usable outside of PowerShell
[1.133s] [34mcolcon.colcon_core.event_handler.log_command[0m [1;30mDEBUG[0m [32mInvoking command in 'C:\Users\dsai9\OneDrive\Documents\MATLAB\bno055\custom\matlab_msg_gen\win64\build\aerobot_interfaces': C:\Program Files\MATLAB\R2024a\bin\win64\cmake\bin\cmake.EXE C:\Users\dsai9\OneDrive\Documents\MATLAB\bno055\custom\matlab_msg_gen\win64\src\aerobot_interfaces -DCMAKE_BUILD_TYPE=Release -DBUILD_TESTING=OFF -DALIAS_ROS2_TF2=1 -DCMAKE_CXX_FLAGS_RELEASE=/MD /Od /Ob2 /DNDEBUG -G Ninja -DCMAKE_INSTALL_PREFIX=C:\Users\dsai9\OneDrive\Documents\MATLAB\bno055\custom\matlab_msg_gen\win64\install[0m
[8.945s] [34mcolcon.colcon_core.event_handler.log_command[0m [1;30mDEBUG[0m [32mInvoked command in 'C:\Users\dsai9\OneDrive\Documents\MATLAB\bno055\custom\matlab_msg_gen\win64\build\aerobot_interfaces' returned '0': C:\Program Files\MATLAB\R2024a\bin\win64\cmake\bin\cmake.EXE C:\Users\dsai9\OneDrive\Documents\MATLAB\bno055\custom\matlab_msg_gen\win64\src\aerobot_interfaces -DCMAKE_BUILD_TYPE=Release -DBUILD_TESTING=OFF -DALIAS_ROS2_TF2=1 -DCMAKE_CXX_FLAGS_RELEASE=/MD /Od /Ob2 /DNDEBUG -G Ninja -DCMAKE_INSTALL_PREFIX=C:\Users\dsai9\OneDrive\Documents\MATLAB\bno055\custom\matlab_msg_gen\win64\install[0m
[8.946s] [34mcolcon.colcon_core.event_handler.log_command[0m [1;30mDEBUG[0m [32mInvoking command in 'C:\Users\dsai9\OneDrive\Documents\MATLAB\bno055\custom\matlab_msg_gen\win64\build\aerobot_interfaces': C:\Program Files\MATLAB\R2024a\bin\win64\cmake\bin\cmake.EXE --build C:\Users\dsai9\OneDrive\Documents\MATLAB\bno055\custom\matlab_msg_gen\win64\build\aerobot_interfaces -- -j12 -l12[0m
[18.971s] [34mcolcon.colcon_core.event_handler.log_command[0m [1;30mDEBUG[0m [32mInvoked command in 'C:\Users\dsai9\OneDrive\Documents\MATLAB\bno055\custom\matlab_msg_gen\win64\build\aerobot_interfaces' returned '0': C:\Program Files\MATLAB\R2024a\bin\win64\cmake\bin\cmake.EXE --build C:\Users\dsai9\OneDrive\Documents\MATLAB\bno055\custom\matlab_msg_gen\win64\build\aerobot_interfaces -- -j12 -l12[0m
[19.072s] [34mcolcon.colcon_core.event_handler.log_command[0m [1;30mDEBUG[0m [32mInvoking command in 'C:\Users\dsai9\OneDrive\Documents\MATLAB\bno055\custom\matlab_msg_gen\win64\build\aerobot_interfaces': C:\Program Files\MATLAB\R2024a\bin\win64\cmake\bin\cmake.EXE --install C:\Users\dsai9\OneDrive\Documents\MATLAB\bno055\custom\matlab_msg_gen\win64\build\aerobot_interfaces[0m
[19.457s] [34mcolcon.colcon_core.environment[0m [1;30mLevel 1[0m create_environment_scripts_only(aerobot_interfaces)
[19.459s] [34mcolcon.colcon_core.event_handler.log_command[0m [1;30mDEBUG[0m [32mInvoked command in 'C:\Users\dsai9\OneDrive\Documents\MATLAB\bno055\custom\matlab_msg_gen\win64\build\aerobot_interfaces' returned '0': C:\Program Files\MATLAB\R2024a\bin\win64\cmake\bin\cmake.EXE --install C:\Users\dsai9\OneDrive\Documents\MATLAB\bno055\custom\matlab_msg_gen\win64\build\aerobot_interfaces[0m
[19.478s] [34mcolcon.colcon_core.environment[0m [1;30mLevel 1[0m checking 'C:\Users\dsai9\OneDrive\Documents\MATLAB\bno055\custom\matlab_msg_gen\win64\install' for CMake module files
[19.481s] [34mcolcon.colcon_core.environment[0m [1;30mLevel 1[0m checking 'C:\Users\dsai9\OneDrive\Documents\MATLAB\bno055\custom\matlab_msg_gen\win64\install' for CMake config files
[19.483s] [34mcolcon.colcon_core.shell[0m [1;30mLevel 1[0m create_environment_hook('aerobot_interfaces', 'cmake_prefix_path')
[19.488s] [34mcolcon.colcon_core.shell[0m [1;30mINFO[0m Creating environment hook 'C:\Users\dsai9\OneDrive\Documents\MATLAB\bno055\custom\matlab_msg_gen\win64\install\share\aerobot_interfaces\hook\cmake_prefix_path.ps1'
[19.490s] [34mcolcon.colcon_core.shell[0m [1;30mINFO[0m Creating environment hook 'C:\Users\dsai9\OneDrive\Documents\MATLAB\bno055\custom\matlab_msg_gen\win64\install\share\aerobot_interfaces\hook\cmake_prefix_path.bat'
[19.492s] [34mcolcon.colcon_core.shell[0m [1;30mINFO[0m Creating environment descriptor 'C:\Users\dsai9\OneDrive\Documents\MATLAB\bno055\custom\matlab_msg_gen\win64\install\share\aerobot_interfaces\hook\cmake_prefix_path.dsv'
[19.493s] [34mcolcon.colcon_core.environment[0m [1;30mLevel 1[0m checking 'C:\Users\dsai9\OneDrive\Documents\MATLAB\bno055\custom\matlab_msg_gen\win64\install\bin'
[19.493s] [34mcolcon.colcon_core.shell[0m [1;30mLevel 1[0m create_environment_hook('aerobot_interfaces', 'path_dll')
[19.499s] [34mcolcon.colcon_core.shell[0m [1;30mINFO[0m Creating environment hook 'C:\Users\dsai9\OneDrive\Documents\MATLAB\bno055\custom\matlab_msg_gen\win64\install\share\aerobot_interfaces\hook\path_dll.ps1'
[19.500s] [34mcolcon.colcon_core.shell[0m [1;30mINFO[0m Creating environment hook 'C:\Users\dsai9\OneDrive\Documents\MATLAB\bno055\custom\matlab_msg_gen\win64\install\share\aerobot_interfaces\hook\path_dll.bat'
[19.501s] [34mcolcon.colcon_core.shell[0m [1;30mINFO[0m Creating environment descriptor 'C:\Users\dsai9\OneDrive\Documents\MATLAB\bno055\custom\matlab_msg_gen\win64\install\share\aerobot_interfaces\hook\path_dll.dsv'
[19.501s] [34mcolcon.colcon_core.environment[0m [1;30mLevel 1[0m checking 'C:\Users\dsai9\OneDrive\Documents\MATLAB\bno055\custom\matlab_msg_gen\win64\install\bin'
[19.502s] [34mcolcon.colcon_core.shell[0m [1;30mLevel 1[0m create_environment_hook('aerobot_interfaces', 'path')
[19.507s] [34mcolcon.colcon_core.shell[0m [1;30mINFO[0m Creating environment hook 'C:\Users\dsai9\OneDrive\Documents\MATLAB\bno055\custom\matlab_msg_gen\win64\install\share\aerobot_interfaces\hook\path.ps1'
[19.508s] [34mcolcon.colcon_core.shell[0m [1;30mINFO[0m Creating environment hook 'C:\Users\dsai9\OneDrive\Documents\MATLAB\bno055\custom\matlab_msg_gen\win64\install\share\aerobot_interfaces\hook\path.bat'
[19.509s] [34mcolcon.colcon_core.shell[0m [1;30mINFO[0m Creating environment descriptor 'C:\Users\dsai9\OneDrive\Documents\MATLAB\bno055\custom\matlab_msg_gen\win64\install\share\aerobot_interfaces\hook\path.dsv'
[19.510s] [34mcolcon.colcon_core.environment[0m [1;30mLevel 1[0m checking 'C:\Users\dsai9\OneDrive\Documents\MATLAB\bno055\custom\matlab_msg_gen\win64\install\lib\pkgconfig\aerobot_interfaces.pc'
[19.510s] [34mcolcon.colcon_core.environment[0m [1;30mLevel 1[0m checking 'C:\Users\dsai9\OneDrive\Documents\MATLAB\bno055\custom\matlab_msg_gen\win64\install\Lib\site-packages'
[19.510s] [34mcolcon.colcon_core.environment[0m [1;30mLevel 1[0m checking 'C:\Users\dsai9\OneDrive\Documents\MATLAB\bno055\custom\matlab_msg_gen\win64\install\Scripts'
[19.515s] [34mcolcon.colcon_core.shell[0m [1;30mINFO[0m Creating package script 'C:\Users\dsai9\OneDrive\Documents\MATLAB\bno055\custom\matlab_msg_gen\win64\install\share\aerobot_interfaces\package.ps1'
[19.518s] [34mcolcon.colcon_core.shell[0m [1;30mINFO[0m Creating package script 'C:\Users\dsai9\OneDrive\Documents\MATLAB\bno055\custom\matlab_msg_gen\win64\install\share\aerobot_interfaces\package.bat'
[19.520s] [34mcolcon.colcon_core.shell[0m [1;30mINFO[0m Creating package descriptor 'C:\Users\dsai9\OneDrive\Documents\MATLAB\bno055\custom\matlab_msg_gen\win64\install\share\aerobot_interfaces\package.dsv'
[19.521s] [34mcolcon.colcon_core.environment[0m [1;30mLevel 1[0m create_file_with_runtime_dependencies(C:\Users\dsai9\OneDrive\Documents\MATLAB\bno055\custom\matlab_msg_gen\win64\install\share\colcon-core\packages\aerobot_interfaces)
[19.588s] [34mcolcon.colcon_core.environment[0m [1;30mLevel 1[0m create_environment_scripts_only(aerobot_interfaces)
[19.598s] [34mcolcon.colcon_core.environment[0m [1;30mLevel 1[0m checking 'C:\Users\dsai9\OneDrive\Documents\MATLAB\bno055\custom\matlab_msg_gen\win64\install' for CMake module files
[19.601s] [34mcolcon.colcon_core.environment[0m [1;30mLevel 1[0m checking 'C:\Users\dsai9\OneDrive\Documents\MATLAB\bno055\custom\matlab_msg_gen\win64\install' for CMake config files
[19.603s] [34mcolcon.colcon_core.shell[0m [1;30mLevel 1[0m create_environment_hook('aerobot_interfaces', 'cmake_prefix_path')
[19.609s] [34mcolcon.colcon_core.shell[0m [1;30mINFO[0m Creating environment hook 'C:\Users\dsai9\OneDrive\Documents\MATLAB\bno055\custom\matlab_msg_gen\win64\install\share\aerobot_interfaces\hook\cmake_prefix_path.ps1'
[19.610s] [34mcolcon.colcon_core.shell[0m [1;30mINFO[0m Creating environment hook 'C:\Users\dsai9\OneDrive\Documents\MATLAB\bno055\custom\matlab_msg_gen\win64\install\share\aerobot_interfaces\hook\cmake_prefix_path.bat'
[19.611s] [34mcolcon.colcon_core.shell[0m [1;30mINFO[0m Creating environment descriptor 'C:\Users\dsai9\OneDrive\Documents\MATLAB\bno055\custom\matlab_msg_gen\win64\install\share\aerobot_interfaces\hook\cmake_prefix_path.dsv'
[19.612s] [34mcolcon.colcon_core.environment[0m [1;30mLevel 1[0m checking 'C:\Users\dsai9\OneDrive\Documents\MATLAB\bno055\custom\matlab_msg_gen\win64\install\bin'
[19.614s] [34mcolcon.colcon_core.shell[0m [1;30mLevel 1[0m create_environment_hook('aerobot_interfaces', 'path_dll')
[19.618s] [34mcolcon.colcon_core.shell[0m [1;30mINFO[0m Creating environment hook 'C:\Users\dsai9\OneDrive\Documents\MATLAB\bno055\custom\matlab_msg_gen\win64\install\share\aerobot_interfaces\hook\path_dll.ps1'
[19.619s] [34mcolcon.colcon_core.shell[0m [1;30mINFO[0m Creating environment hook 'C:\Users\dsai9\OneDrive\Documents\MATLAB\bno055\custom\matlab_msg_gen\win64\install\share\aerobot_interfaces\hook\path_dll.bat'
[19.620s] [34mcolcon.colcon_core.shell[0m [1;30mINFO[0m Creating environment descriptor 'C:\Users\dsai9\OneDrive\Documents\MATLAB\bno055\custom\matlab_msg_gen\win64\install\share\aerobot_interfaces\hook\path_dll.dsv'
[19.621s] [34mcolcon.colcon_core.environment[0m [1;30mLevel 1[0m checking 'C:\Users\dsai9\OneDrive\Documents\MATLAB\bno055\custom\matlab_msg_gen\win64\install\bin'
[19.621s] [34mcolcon.colcon_core.shell[0m [1;30mLevel 1[0m create_environment_hook('aerobot_interfaces', 'path')
[19.627s] [34mcolcon.colcon_core.shell[0m [1;30mINFO[0m Creating environment hook 'C:\Users\dsai9\OneDrive\Documents\MATLAB\bno055\custom\matlab_msg_gen\win64\install\share\aerobot_interfaces\hook\path.ps1'
[19.628s] [34mcolcon.colcon_core.shell[0m [1;30mINFO[0m Creating environment hook 'C:\Users\dsai9\OneDrive\Documents\MATLAB\bno055\custom\matlab_msg_gen\win64\install\share\aerobot_interfaces\hook\path.bat'
[19.629s] [34mcolcon.colcon_core.shell[0m [1;30mINFO[0m Creating environment descriptor 'C:\Users\dsai9\OneDrive\Documents\MATLAB\bno055\custom\matlab_msg_gen\win64\install\share\aerobot_interfaces\hook\path.dsv'
[19.630s] [34mcolcon.colcon_core.environment[0m [1;30mLevel 1[0m checking 'C:\Users\dsai9\OneDrive\Documents\MATLAB\bno055\custom\matlab_msg_gen\win64\install\lib\pkgconfig\aerobot_interfaces.pc'
[19.630s] [34mcolcon.colcon_core.environment[0m [1;30mLevel 1[0m checking 'C:\Users\dsai9\OneDrive\Documents\MATLAB\bno055\custom\matlab_msg_gen\win64\install\Lib\site-packages'
[19.630s] [34mcolcon.colcon_core.environment[0m [1;30mLevel 1[0m checking 'C:\Users\dsai9\OneDrive\Documents\MATLAB\bno055\custom\matlab_msg_gen\win64\install\Scripts'
[19.636s] [34mcolcon.colcon_core.shell[0m [1;30mINFO[0m Creating package script 'C:\Users\dsai9\OneDrive\Documents\MATLAB\bno055\custom\matlab_msg_gen\win64\install\share\aerobot_interfaces\package.ps1'
[19.637s] [34mcolcon.colcon_core.shell[0m [1;30mINFO[0m Creating package script 'C:\Users\dsai9\OneDrive\Documents\MATLAB\bno055\custom\matlab_msg_gen\win64\install\share\aerobot_interfaces\package.bat'
[19.638s] [34mcolcon.colcon_core.shell[0m [1;30mINFO[0m Creating package descriptor 'C:\Users\dsai9\OneDrive\Documents\MATLAB\bno055\custom\matlab_msg_gen\win64\install\share\aerobot_interfaces\package.dsv'
[19.639s] [34mcolcon.colcon_core.environment[0m [1;30mLevel 1[0m create_file_with_runtime_dependencies(C:\Users\dsai9\OneDrive\Documents\MATLAB\bno055\custom\matlab_msg_gen\win64\install\share\colcon-core\packages\aerobot_interfaces)
[19.639s] [34mcolcon.colcon_parallel_executor.executor.parallel[0m [1;30mDEBUG[0m [32mrun_until_complete finished with '0'[0m
[19.639s] [34mcolcon.colcon_core.event_reactor[0m [1;30mDEBUG[0m [32mjoining thread[0m
[19.652s] [34mcolcon.colcon_core.plugin_system[0m [1;30mINFO[0m Skipping extension 'colcon_notification.desktop_notification.notify2': 'notify2' not found
[19.653s] [34mcolcon.colcon_core.plugin_system[0m [1;30mINFO[0m Skipping extension 'colcon_notification.desktop_notification.notify_send': Not used on non-Linux systems
[19.653s] [34mcolcon.colcon_core.plugin_system[0m [1;30mINFO[0m Skipping extension 'colcon_notification.desktop_notification.terminal_notifier': Not used on non-Darwin systems
[19.653s] [34mcolcon.colcon_notification.desktop_notification[0m [1;30mINFO[0m Sending desktop notification using 'win32'
[24.707s] [34mcolcon.colcon_core.event_reactor[0m [1;30mDEBUG[0m [32mjoined thread[0m
[24.713s] [34mcolcon.colcon_core.shell[0m [1;30mINFO[0m Creating prefix script 'C:\Users\dsai9\OneDrive\Documents\MATLAB\bno055\custom\matlab_msg_gen\win64\install\local_setup.ps1'
[24.715s] [34mcolcon.colcon_core.shell[0m [1;30mINFO[0m Creating prefix util module 'C:\Users\dsai9\OneDrive\Documents\MATLAB\bno055\custom\matlab_msg_gen\win64\install\_local_setup_util_ps1.py'
[24.718s] [34mcolcon.colcon_core.shell[0m [1;30mINFO[0m Creating prefix chain script 'C:\Users\dsai9\OneDrive\Documents\MATLAB\bno055\custom\matlab_msg_gen\win64\install\setup.ps1'
[24.725s] [34mcolcon.colcon_core.shell[0m [1;30mINFO[0m Creating prefix script 'C:\Users\dsai9\OneDrive\Documents\MATLAB\bno055\custom\matlab_msg_gen\win64\install\local_setup.bat'
[24.727s] [34mcolcon.colcon_core.shell[0m [1;30mINFO[0m Creating prefix util module 'C:\Users\dsai9\OneDrive\Documents\MATLAB\bno055\custom\matlab_msg_gen\win64\install\_local_setup_util_bat.py'
[24.728s] [34mcolcon.colcon_core.shell[0m [1;30mINFO[0m Creating prefix chain script 'C:\Users\dsai9\OneDrive\Documents\MATLAB\bno055\custom\matlab_msg_gen\win64\install\setup.bat'
