-- The C compiler identification is MSVC 19.40.33811.0
-- The CXX compiler identification is MSVC 19.40.33811.0
-- Detecting C compiler ABI info
-- Detecting C compiler ABI info - done
-- Check for working C compiler: C:/Program Files/Microsoft Visual Studio/2022/Community/VC/Tools/MSVC/14.40.33807/bin/Hostx86/x64/cl.exe - skipped
-- Detecting C compile features
-- Detecting C compile features - done
-- Detecting CXX compiler ABI info
-- Detecting CXX compiler ABI info - done
-- Check for working CXX compiler: C:/Program Files/Microsoft Visual Studio/2022/Community/VC/Tools/MSVC/14.40.33807/bin/Hostx86/x64/cl.exe - skipped
-- Detecting CXX compile features
-- Detecting CXX compile features - done
-- Found ament_cmake: 1.3.3 (C:/Program Files/MATLAB/R2024a/sys/ros2/win64/ros2/share/ament_cmake/cmake)
-- Found Python3: C:/Users/dsai9/AppData/Local/Microsoft/WindowsApps/python3.12.exe (found version "3.12.4") found components: Interpreter 
-- Found ament_cmake_ros: 0.10.0 (C:/Program Files/MATLAB/R2024a/sys/ros2/win64/ros2/share/ament_cmake_ros/cmake)
-- Found rosidl_typesupport_c: 2.0.0 (C:/Program Files/MATLAB/R2024a/sys/ros2/win64/ros2/share/rosidl_typesupport_c/cmake)
-- Using all available rosidl_typesupport_c: rosidl_typesupport_fastrtps_c;rosidl_typesupport_introspection_c
-- Found rosidl_adapter: 3.1.4 (C:/Program Files/MATLAB/R2024a/sys/ros2/win64/ros2/share/rosidl_adapter/cmake)
-- Found rosidl_typesupport_cpp: 2.0.0 (C:/Program Files/MATLAB/R2024a/sys/ros2/win64/ros2/share/rosidl_typesupport_cpp/cmake)
-- Using all available rosidl_typesupport_cpp: rosidl_typesupport_fastrtps_cpp;rosidl_typesupport_introspection_cpp
-- Found rosidl_default_generators: 1.2.0 (C:/Program Files/MATLAB/R2024a/sys/ros2/win64/ros2/share/rosidl_default_generators/cmake)
-- Found class_loader: 2.2.0 (C:/Program Files/MATLAB/R2024a/sys/ros2/win64/ros2/share/class_loader/cmake)
-- Found rclcpp: 16.0.5 (C:/Program Files/MATLAB/R2024a/sys/ros2/win64/ros2/share/rclcpp/cmake)
-- Found rmw_implementation_cmake: 6.1.1 (C:/Program Files/MATLAB/R2024a/sys/ros2/win64/ros2/share/rmw_implementation_cmake/cmake)
-- Found rmw_fastrtps_cpp: 6.2.2 (C:/Program Files/MATLAB/R2024a/sys/ros2/win64/ros2/share/rmw_fastrtps_cpp/cmake)
-- Found FastRTPS: C:/Program Files/MATLAB/R2024a/sys/ros2/win64/ros2/include  
-- Using RMW implementation 'rmw_fastrtps_cpp' as default
-- Performing Test CMAKE_HAVE_LIBC_PTHREAD
-- Performing Test CMAKE_HAVE_LIBC_PTHREAD - Failed
-- Looking for pthread_create in pthreads
-- Looking for pthread_create in pthreads - not found
-- Looking for pthread_create in pthread
-- Looking for pthread_create in pthread - not found
-- Found Threads: TRUE  
-- Using all available rosidl_typesupport_c: rosidl_typesupport_fastrtps_c;rosidl_typesupport_introspection_c
-- Using all available rosidl_typesupport_cpp: rosidl_typesupport_fastrtps_cpp;rosidl_typesupport_introspection_cpp
-- Configuring done
-- Generating done
-- Build files have been written to: C:/Users/dsai9/OneDrive/Documents/MATLAB/bno055/custom/matlab_msg_gen/win64/build/aerobot_interfaces
[1/24] Generating C++ code for ROS interfaces
[2/24] Generating C code for ROS interfaces
[3/24] Building C object CMakeFiles\aerobot_interfaces__rosidl_generator_c.dir\rosidl_generator_c\aerobot_interfaces\srv\detail\esc_srv__functions.c.obj
[4/24] Linking C shared library aerobot_interfaces__rosidl_generator_c.dll
[5/24] Generating C++ type support dispatch for ROS interfaces
[6/24] Generating C++ introspection for ROS interfaces
[7/24] Generating C++ type support for eProsima Fast-RTPS
[8/24] Generating C type support dispatch for ROS interfaces
[9/24] Generating C introspection for ROS interfaces
[10/24] Generating C type support for eProsima Fast-RTPS
[11/24] Building CXX object CMakeFiles\aerobot_interfaces__rosidl_typesupport_cpp.dir\rosidl_typesupport_cpp\aerobot_interfaces\srv\esc_srv__type_support.cpp.obj
[12/24] Building CXX object CMakeFiles\aerobot_interfaces__rosidl_typesupport_c.dir\rosidl_typesupport_c\aerobot_interfaces\srv\esc_srv__type_support.cpp.obj
[13/24] Building C object CMakeFiles\aerobot_interfaces__rosidl_typesupport_introspection_c.dir\eef8357749c14c2fc9e9e30e2931c84e\srv\detail\esc_srv__type_support.c.obj
[14/24] Building CXX object CMakeFiles\aerobot_interfaces__rosidl_typesupport_introspection_cpp.dir\067b130b49f0a068dc86090e8b96bffa\srv\detail\esc_srv__type_support.cpp.obj
[15/24] Linking CXX shared library aerobot_interfaces__rosidl_typesupport_cpp.dll
[16/24] Linking C shared library aerobot_interfaces__rosidl_typesupport_introspection_c.dll
[17/24] Linking CXX shared library aerobot_interfaces__rosidl_typesupport_c.dll
[18/24] Linking CXX shared library aerobot_interfaces__rosidl_typesupport_introspection_cpp.dll
[19/24] Building CXX object CMakeFiles\aerobot_interfaces__rosidl_typesupport_fastrtps_cpp.dir\672ffb24cd43ba17305aec7ec894c3ea\dds_fastrtps\esc_srv__type_support.cpp.obj
cl : Command line warning D9025 : overriding '/W3' with '/W4'
[20/24] Linking CXX shared library aerobot_interfaces__rosidl_typesupport_fastrtps_cpp.dll
[21/24] Building CXX object CMakeFiles\aerobot_interfaces__rosidl_typesupport_fastrtps_c.dir\277c4956b542f48767dcb3729b2b4fe3\srv\detail\esc_srv__type_support_c.cpp.obj
cl : Command line warning D9025 : overriding '/W3' with '/W4'
[22/24] Linking CXX shared library aerobot_interfaces__rosidl_typesupport_fastrtps_c.dll
[23/24] Building CXX object CMakeFiles\aerobot_interfaces_matlab.dir\src\aerobot_interfaces_EscSrv_service.cpp.obj
C:\Users\dsai9\OneDrive\Documents\MATLAB\bno055\custom\matlab_msg_gen\win64\src\aerobot_interfaces\src\aerobot_interfaces_EscSrv_service.cpp(38): warning C4275: non dll-interface class 'MATLABROS2MsgInterfaceBase' used as base for dll-interface class 'MATLABROS2MsgInterface<aerobot_interfaces::srv::EscSrv::Request>'
C:\Program Files\MATLAB\R2024a\toolbox\ros\include\ros2\MATLABROS2MsgInterface.hpp(50): note: see declaration of 'MATLABROS2MsgInterfaceBase'
C:\Program Files\MATLAB\R2024a\toolbox\ros\include\ros2\MATLABROS2MsgInterface.hpp(104): note: see declaration of 'MATLABROS2MsgInterface<aerobot_interfaces::srv::EscSrv::Request>'
C:\Users\dsai9\OneDrive\Documents\MATLAB\bno055\custom\matlab_msg_gen\win64\src\aerobot_interfaces\src\aerobot_interfaces_EscSrv_service.cpp(80): warning C4275: non dll-interface class 'MATLABROS2MsgInterfaceBase' used as base for dll-interface class 'MATLABROS2MsgInterface<aerobot_interfaces::srv::EscSrv::Response>'
C:\Program Files\MATLAB\R2024a\toolbox\ros\include\ros2\MATLABROS2MsgInterface.hpp(50): note: see declaration of 'MATLABROS2MsgInterfaceBase'
C:\Program Files\MATLAB\R2024a\toolbox\ros\include\ros2\MATLABROS2MsgInterface.hpp(104): note: see declaration of 'MATLABROS2MsgInterface<aerobot_interfaces::srv::EscSrv::Response>'
C:\Users\dsai9\OneDrive\Documents\MATLAB\bno055\custom\matlab_msg_gen\win64\src\aerobot_interfaces\src\aerobot_interfaces_EscSrv_service.cpp(110): warning C4275: non dll-interface class 'ROS2MsgElementInterfaceFactory' used as base for dll-interface class 'ros2_aerobot_interfaces_EscSrv_service'
C:\Program Files\MATLAB\R2024a\toolbox\ros\include\ros2\MATLABROS2MsgInterface.hpp(55): note: see declaration of 'ROS2MsgElementInterfaceFactory'
C:\Users\dsai9\OneDrive\Documents\MATLAB\bno055\custom\matlab_msg_gen\win64\src\aerobot_interfaces\src\aerobot_interfaces_EscSrv_service.cpp(110): note: see declaration of 'ros2_aerobot_interfaces_EscSrv_service'
[24/24] Linking CXX shared library aerobot_interfaces_matlab.dll
-- Install configuration: "Release"
-- Installing: C:/Users/dsai9/OneDrive/Documents/MATLAB/bno055/custom/matlab_msg_gen/win64/install/share/ament_index/resource_index/rosidl_interfaces/aerobot_interfaces
-- Installing: C:/Users/dsai9/OneDrive/Documents/MATLAB/bno055/custom/matlab_msg_gen/win64/install/include/aerobot_interfaces/aerobot_interfaces
-- Installing: C:/Users/dsai9/OneDrive/Documents/MATLAB/bno055/custom/matlab_msg_gen/win64/install/include/aerobot_interfaces/aerobot_interfaces/msg
-- Installing: C:/Users/dsai9/OneDrive/Documents/MATLAB/bno055/custom/matlab_msg_gen/win64/install/include/aerobot_interfaces/aerobot_interfaces/msg/rosidl_generator_c__visibility_control.h
-- Installing: C:/Users/dsai9/OneDrive/Documents/MATLAB/bno055/custom/matlab_msg_gen/win64/install/include/aerobot_interfaces/aerobot_interfaces/srv
-- Installing: C:/Users/dsai9/OneDrive/Documents/MATLAB/bno055/custom/matlab_msg_gen/win64/install/include/aerobot_interfaces/aerobot_interfaces/srv/detail
-- Installing: C:/Users/dsai9/OneDrive/Documents/MATLAB/bno055/custom/matlab_msg_gen/win64/install/include/aerobot_interfaces/aerobot_interfaces/srv/detail/esc_srv__functions.c
-- Installing: C:/Users/dsai9/OneDrive/Documents/MATLAB/bno055/custom/matlab_msg_gen/win64/install/include/aerobot_interfaces/aerobot_interfaces/srv/detail/esc_srv__functions.h
-- Installing: C:/Users/dsai9/OneDrive/Documents/MATLAB/bno055/custom/matlab_msg_gen/win64/install/include/aerobot_interfaces/aerobot_interfaces/srv/detail/esc_srv__struct.h
-- Installing: C:/Users/dsai9/OneDrive/Documents/MATLAB/bno055/custom/matlab_msg_gen/win64/install/include/aerobot_interfaces/aerobot_interfaces/srv/detail/esc_srv__type_support.h
-- Installing: C:/Users/dsai9/OneDrive/Documents/MATLAB/bno055/custom/matlab_msg_gen/win64/install/include/aerobot_interfaces/aerobot_interfaces/srv/esc_srv.h
-- Installing: C:/Users/dsai9/OneDrive/Documents/MATLAB/bno055/custom/matlab_msg_gen/win64/install/lib/aerobot_interfaces__rosidl_generator_c.lib
-- Installing: C:/Users/dsai9/OneDrive/Documents/MATLAB/bno055/custom/matlab_msg_gen/win64/install/bin/aerobot_interfaces__rosidl_generator_c.dll
-- Up-to-date: C:/Users/dsai9/OneDrive/Documents/MATLAB/bno055/custom/matlab_msg_gen/win64/install/include/aerobot_interfaces/aerobot_interfaces
-- Up-to-date: C:/Users/dsai9/OneDrive/Documents/MATLAB/bno055/custom/matlab_msg_gen/win64/install/include/aerobot_interfaces/aerobot_interfaces/msg
-- Installing: C:/Users/dsai9/OneDrive/Documents/MATLAB/bno055/custom/matlab_msg_gen/win64/install/include/aerobot_interfaces/aerobot_interfaces/msg/rosidl_typesupport_fastrtps_c__visibility_control.h
-- Up-to-date: C:/Users/dsai9/OneDrive/Documents/MATLAB/bno055/custom/matlab_msg_gen/win64/install/include/aerobot_interfaces/aerobot_interfaces/srv
-- Up-to-date: C:/Users/dsai9/OneDrive/Documents/MATLAB/bno055/custom/matlab_msg_gen/win64/install/include/aerobot_interfaces/aerobot_interfaces/srv/detail
-- Installing: C:/Users/dsai9/OneDrive/Documents/MATLAB/bno055/custom/matlab_msg_gen/win64/install/include/aerobot_interfaces/aerobot_interfaces/srv/detail/esc_srv__rosidl_typesupport_fastrtps_c.h
-- Installing: C:/Users/dsai9/OneDrive/Documents/MATLAB/bno055/custom/matlab_msg_gen/win64/install/lib/aerobot_interfaces__rosidl_typesupport_fastrtps_c.lib
-- Installing: C:/Users/dsai9/OneDrive/Documents/MATLAB/bno055/custom/matlab_msg_gen/win64/install/bin/aerobot_interfaces__rosidl_typesupport_fastrtps_c.dll
-- Up-to-date: C:/Users/dsai9/OneDrive/Documents/MATLAB/bno055/custom/matlab_msg_gen/win64/install/include/aerobot_interfaces/aerobot_interfaces
-- Up-to-date: C:/Users/dsai9/OneDrive/Documents/MATLAB/bno055/custom/matlab_msg_gen/win64/install/include/aerobot_interfaces/aerobot_interfaces/msg
-- Installing: C:/Users/dsai9/OneDrive/Documents/MATLAB/bno055/custom/matlab_msg_gen/win64/install/include/aerobot_interfaces/aerobot_interfaces/msg/rosidl_typesupport_introspection_c__visibility_control.h
-- Up-to-date: C:/Users/dsai9/OneDrive/Documents/MATLAB/bno055/custom/matlab_msg_gen/win64/install/include/aerobot_interfaces/aerobot_interfaces/srv
-- Up-to-date: C:/Users/dsai9/OneDrive/Documents/MATLAB/bno055/custom/matlab_msg_gen/win64/install/include/aerobot_interfaces/aerobot_interfaces/srv/detail
-- Installing: C:/Users/dsai9/OneDrive/Documents/MATLAB/bno055/custom/matlab_msg_gen/win64/install/include/aerobot_interfaces/aerobot_interfaces/srv/detail/esc_srv__rosidl_typesupport_introspection_c.h
-- Installing: C:/Users/dsai9/OneDrive/Documents/MATLAB/bno055/custom/matlab_msg_gen/win64/install/include/aerobot_interfaces/aerobot_interfaces/srv/detail/esc_srv__type_support.c
-- Installing: C:/Users/dsai9/OneDrive/Documents/MATLAB/bno055/custom/matlab_msg_gen/win64/install/lib/aerobot_interfaces__rosidl_typesupport_introspection_c.lib
-- Installing: C:/Users/dsai9/OneDrive/Documents/MATLAB/bno055/custom/matlab_msg_gen/win64/install/bin/aerobot_interfaces__rosidl_typesupport_introspection_c.dll
-- Installing: C:/Users/dsai9/OneDrive/Documents/MATLAB/bno055/custom/matlab_msg_gen/win64/install/lib/aerobot_interfaces__rosidl_typesupport_c.lib
-- Installing: C:/Users/dsai9/OneDrive/Documents/MATLAB/bno055/custom/matlab_msg_gen/win64/install/bin/aerobot_interfaces__rosidl_typesupport_c.dll
-- Up-to-date: C:/Users/dsai9/OneDrive/Documents/MATLAB/bno055/custom/matlab_msg_gen/win64/install/include/aerobot_interfaces/aerobot_interfaces
-- Up-to-date: C:/Users/dsai9/OneDrive/Documents/MATLAB/bno055/custom/matlab_msg_gen/win64/install/include/aerobot_interfaces/aerobot_interfaces/srv
-- Up-to-date: C:/Users/dsai9/OneDrive/Documents/MATLAB/bno055/custom/matlab_msg_gen/win64/install/include/aerobot_interfaces/aerobot_interfaces/srv/detail
-- Installing: C:/Users/dsai9/OneDrive/Documents/MATLAB/bno055/custom/matlab_msg_gen/win64/install/include/aerobot_interfaces/aerobot_interfaces/srv/detail/esc_srv__builder.hpp
-- Installing: C:/Users/dsai9/OneDrive/Documents/MATLAB/bno055/custom/matlab_msg_gen/win64/install/include/aerobot_interfaces/aerobot_interfaces/srv/detail/esc_srv__struct.hpp
-- Installing: C:/Users/dsai9/OneDrive/Documents/MATLAB/bno055/custom/matlab_msg_gen/win64/install/include/aerobot_interfaces/aerobot_interfaces/srv/detail/esc_srv__traits.hpp
-- Installing: C:/Users/dsai9/OneDrive/Documents/MATLAB/bno055/custom/matlab_msg_gen/win64/install/include/aerobot_interfaces/aerobot_interfaces/srv/esc_srv.hpp
-- Up-to-date: C:/Users/dsai9/OneDrive/Documents/MATLAB/bno055/custom/matlab_msg_gen/win64/install/include/aerobot_interfaces/aerobot_interfaces
-- Up-to-date: C:/Users/dsai9/OneDrive/Documents/MATLAB/bno055/custom/matlab_msg_gen/win64/install/include/aerobot_interfaces/aerobot_interfaces/msg
-- Installing: C:/Users/dsai9/OneDrive/Documents/MATLAB/bno055/custom/matlab_msg_gen/win64/install/include/aerobot_interfaces/aerobot_interfaces/msg/rosidl_typesupport_fastrtps_cpp__visibility_control.h
-- Up-to-date: C:/Users/dsai9/OneDrive/Documents/MATLAB/bno055/custom/matlab_msg_gen/win64/install/include/aerobot_interfaces/aerobot_interfaces/srv
-- Up-to-date: C:/Users/dsai9/OneDrive/Documents/MATLAB/bno055/custom/matlab_msg_gen/win64/install/include/aerobot_interfaces/aerobot_interfaces/srv/detail
-- Installing: C:/Users/dsai9/OneDrive/Documents/MATLAB/bno055/custom/matlab_msg_gen/win64/install/include/aerobot_interfaces/aerobot_interfaces/srv/detail/dds_fastrtps
-- Installing: C:/Users/dsai9/OneDrive/Documents/MATLAB/bno055/custom/matlab_msg_gen/win64/install/include/aerobot_interfaces/aerobot_interfaces/srv/detail/esc_srv__rosidl_typesupport_fastrtps_cpp.hpp
-- Installing: C:/Users/dsai9/OneDrive/Documents/MATLAB/bno055/custom/matlab_msg_gen/win64/install/lib/aerobot_interfaces__rosidl_typesupport_fastrtps_cpp.lib
-- Installing: C:/Users/dsai9/OneDrive/Documents/MATLAB/bno055/custom/matlab_msg_gen/win64/install/bin/aerobot_interfaces__rosidl_typesupport_fastrtps_cpp.dll
-- Up-to-date: C:/Users/dsai9/OneDrive/Documents/MATLAB/bno055/custom/matlab_msg_gen/win64/install/include/aerobot_interfaces/aerobot_interfaces
-- Up-to-date: C:/Users/dsai9/OneDrive/Documents/MATLAB/bno055/custom/matlab_msg_gen/win64/install/include/aerobot_interfaces/aerobot_interfaces/srv
-- Up-to-date: C:/Users/dsai9/OneDrive/Documents/MATLAB/bno055/custom/matlab_msg_gen/win64/install/include/aerobot_interfaces/aerobot_interfaces/srv/detail
-- Installing: C:/Users/dsai9/OneDrive/Documents/MATLAB/bno055/custom/matlab_msg_gen/win64/install/include/aerobot_interfaces/aerobot_interfaces/srv/detail/esc_srv__rosidl_typesupport_introspection_cpp.hpp
-- Installing: C:/Users/dsai9/OneDrive/Documents/MATLAB/bno055/custom/matlab_msg_gen/win64/install/include/aerobot_interfaces/aerobot_interfaces/srv/detail/esc_srv__type_support.cpp
-- Installing: C:/Users/dsai9/OneDrive/Documents/MATLAB/bno055/custom/matlab_msg_gen/win64/install/lib/aerobot_interfaces__rosidl_typesupport_introspection_cpp.lib
-- Installing: C:/Users/dsai9/OneDrive/Documents/MATLAB/bno055/custom/matlab_msg_gen/win64/install/bin/aerobot_interfaces__rosidl_typesupport_introspection_cpp.dll
-- Installing: C:/Users/dsai9/OneDrive/Documents/MATLAB/bno055/custom/matlab_msg_gen/win64/install/lib/aerobot_interfaces__rosidl_typesupport_cpp.lib
-- Installing: C:/Users/dsai9/OneDrive/Documents/MATLAB/bno055/custom/matlab_msg_gen/win64/install/bin/aerobot_interfaces__rosidl_typesupport_cpp.dll
-- Installing: C:/Users/dsai9/OneDrive/Documents/MATLAB/bno055/custom/matlab_msg_gen/win64/install/share/aerobot_interfaces/srv/EscSrv.idl
-- Installing: C:/Users/dsai9/OneDrive/Documents/MATLAB/bno055/custom/matlab_msg_gen/win64/install/share/aerobot_interfaces/srv/EscSrv.srv
-- Installing: C:/Users/dsai9/OneDrive/Documents/MATLAB/bno055/custom/matlab_msg_gen/win64/install/share/aerobot_interfaces/srv/EscSrv_Request.msg
-- Installing: C:/Users/dsai9/OneDrive/Documents/MATLAB/bno055/custom/matlab_msg_gen/win64/install/share/aerobot_interfaces/srv/EscSrv_Response.msg
-- Up-to-date: C:/Users/dsai9/OneDrive/Documents/MATLAB/bno055/custom/matlab_msg_gen/win64/install/include
-- Up-to-date: C:/Users/dsai9/OneDrive/Documents/MATLAB/bno055/custom/matlab_msg_gen/win64/install/include/aerobot_interfaces
-- Installing: C:/Users/dsai9/OneDrive/Documents/MATLAB/bno055/custom/matlab_msg_gen/win64/install/include/aerobot_interfaces/visibility_control.h
-- Installing: C:/Users/dsai9/OneDrive/Documents/MATLAB/bno055/custom/matlab_msg_gen/win64/install/lib/aerobot_interfaces_matlab.lib
-- Installing: C:/Users/dsai9/OneDrive/Documents/MATLAB/bno055/custom/matlab_msg_gen/win64/install/bin/aerobot_interfaces_matlab.dll
-- Installing: C:/Users/dsai9/OneDrive/Documents/MATLAB/bno055/custom/matlab_msg_gen/win64/install/m/
-- Installing: C:/Users/dsai9/OneDrive/Documents/MATLAB/bno055/custom/matlab_msg_gen/win64/install/m//+ros
-- Installing: C:/Users/dsai9/OneDrive/Documents/MATLAB/bno055/custom/matlab_msg_gen/win64/install/m//+ros/+internal
-- Installing: C:/Users/dsai9/OneDrive/Documents/MATLAB/bno055/custom/matlab_msg_gen/win64/install/m//+ros/+internal/+ros2
-- Installing: C:/Users/dsai9/OneDrive/Documents/MATLAB/bno055/custom/matlab_msg_gen/win64/install/m//+ros/+internal/+ros2/+custommessages
-- Installing: C:/Users/dsai9/OneDrive/Documents/MATLAB/bno055/custom/matlab_msg_gen/win64/install/m//+ros/+internal/+ros2/+custommessages/+aerobot_interfaces
-- Installing: C:/Users/dsai9/OneDrive/Documents/MATLAB/bno055/custom/matlab_msg_gen/win64/install/m//+ros/+internal/+ros2/+custommessages/+aerobot_interfaces/escSrvRequest.m
-- Installing: C:/Users/dsai9/OneDrive/Documents/MATLAB/bno055/custom/matlab_msg_gen/win64/install/m//+ros/+internal/+ros2/+custommessages/+aerobot_interfaces/escSrvResponse.m
-- Installing: C:/Users/dsai9/OneDrive/Documents/MATLAB/bno055/custom/matlab_msg_gen/win64/install/share/ament_index/resource_index/package_run_dependencies/aerobot_interfaces
-- Installing: C:/Users/dsai9/OneDrive/Documents/MATLAB/bno055/custom/matlab_msg_gen/win64/install/share/ament_index/resource_index/parent_prefix_path/aerobot_interfaces
-- Installing: C:/Users/dsai9/OneDrive/Documents/MATLAB/bno055/custom/matlab_msg_gen/win64/install/share/aerobot_interfaces/environment/ament_prefix_path.bat
-- Installing: C:/Users/dsai9/OneDrive/Documents/MATLAB/bno055/custom/matlab_msg_gen/win64/install/share/aerobot_interfaces/environment/ament_prefix_path.dsv
-- Installing: C:/Users/dsai9/OneDrive/Documents/MATLAB/bno055/custom/matlab_msg_gen/win64/install/share/aerobot_interfaces/environment/path.bat
-- Installing: C:/Users/dsai9/OneDrive/Documents/MATLAB/bno055/custom/matlab_msg_gen/win64/install/share/aerobot_interfaces/environment/path.dsv
-- Installing: C:/Users/dsai9/OneDrive/Documents/MATLAB/bno055/custom/matlab_msg_gen/win64/install/share/aerobot_interfaces/local_setup.bat
-- Installing: C:/Users/dsai9/OneDrive/Documents/MATLAB/bno055/custom/matlab_msg_gen/win64/install/share/aerobot_interfaces/local_setup.dsv
-- Installing: C:/Users/dsai9/OneDrive/Documents/MATLAB/bno055/custom/matlab_msg_gen/win64/install/share/aerobot_interfaces/package.dsv
-- Installing: C:/Users/dsai9/OneDrive/Documents/MATLAB/bno055/custom/matlab_msg_gen/win64/install/share/ament_index/resource_index/packages/aerobot_interfaces
-- Installing: C:/Users/dsai9/OneDrive/Documents/MATLAB/bno055/custom/matlab_msg_gen/win64/install/share/aerobot_interfaces/cmake/export_aerobot_interfaces__rosidl_generator_cExport.cmake
-- Installing: C:/Users/dsai9/OneDrive/Documents/MATLAB/bno055/custom/matlab_msg_gen/win64/install/share/aerobot_interfaces/cmake/export_aerobot_interfaces__rosidl_generator_cExport-release.cmake
-- Installing: C:/Users/dsai9/OneDrive/Documents/MATLAB/bno055/custom/matlab_msg_gen/win64/install/share/aerobot_interfaces/cmake/export_aerobot_interfaces__rosidl_typesupport_fastrtps_cExport.cmake
-- Installing: C:/Users/dsai9/OneDrive/Documents/MATLAB/bno055/custom/matlab_msg_gen/win64/install/share/aerobot_interfaces/cmake/export_aerobot_interfaces__rosidl_typesupport_fastrtps_cExport-release.cmake
-- Installing: C:/Users/dsai9/OneDrive/Documents/MATLAB/bno055/custom/matlab_msg_gen/win64/install/share/aerobot_interfaces/cmake/aerobot_interfaces__rosidl_typesupport_introspection_cExport.cmake
-- Installing: C:/Users/dsai9/OneDrive/Documents/MATLAB/bno055/custom/matlab_msg_gen/win64/install/share/aerobot_interfaces/cmake/aerobot_interfaces__rosidl_typesupport_introspection_cExport-release.cmake
-- Installing: C:/Users/dsai9/OneDrive/Documents/MATLAB/bno055/custom/matlab_msg_gen/win64/install/share/aerobot_interfaces/cmake/aerobot_interfaces__rosidl_typesupport_cExport.cmake
-- Installing: C:/Users/dsai9/OneDrive/Documents/MATLAB/bno055/custom/matlab_msg_gen/win64/install/share/aerobot_interfaces/cmake/aerobot_interfaces__rosidl_typesupport_cExport-release.cmake
-- Installing: C:/Users/dsai9/OneDrive/Documents/MATLAB/bno055/custom/matlab_msg_gen/win64/install/share/aerobot_interfaces/cmake/export_aerobot_interfaces__rosidl_generator_cppExport.cmake
-- Installing: C:/Users/dsai9/OneDrive/Documents/MATLAB/bno055/custom/matlab_msg_gen/win64/install/share/aerobot_interfaces/cmake/export_aerobot_interfaces__rosidl_typesupport_fastrtps_cppExport.cmake
-- Installing: C:/Users/dsai9/OneDrive/Documents/MATLAB/bno055/custom/matlab_msg_gen/win64/install/share/aerobot_interfaces/cmake/export_aerobot_interfaces__rosidl_typesupport_fastrtps_cppExport-release.cmake
-- Installing: C:/Users/dsai9/OneDrive/Documents/MATLAB/bno055/custom/matlab_msg_gen/win64/install/share/aerobot_interfaces/cmake/aerobot_interfaces__rosidl_typesupport_introspection_cppExport.cmake
-- Installing: C:/Users/dsai9/OneDrive/Documents/MATLAB/bno055/custom/matlab_msg_gen/win64/install/share/aerobot_interfaces/cmake/aerobot_interfaces__rosidl_typesupport_introspection_cppExport-release.cmake
-- Installing: C:/Users/dsai9/OneDrive/Documents/MATLAB/bno055/custom/matlab_msg_gen/win64/install/share/aerobot_interfaces/cmake/aerobot_interfaces__rosidl_typesupport_cppExport.cmake
-- Installing: C:/Users/dsai9/OneDrive/Documents/MATLAB/bno055/custom/matlab_msg_gen/win64/install/share/aerobot_interfaces/cmake/aerobot_interfaces__rosidl_typesupport_cppExport-release.cmake
-- Installing: C:/Users/dsai9/OneDrive/Documents/MATLAB/bno055/custom/matlab_msg_gen/win64/install/share/aerobot_interfaces/cmake/rosidl_cmake-extras.cmake
-- Installing: C:/Users/dsai9/OneDrive/Documents/MATLAB/bno055/custom/matlab_msg_gen/win64/install/share/aerobot_interfaces/cmake/ament_cmake_export_include_directories-extras.cmake
-- Installing: C:/Users/dsai9/OneDrive/Documents/MATLAB/bno055/custom/matlab_msg_gen/win64/install/share/aerobot_interfaces/cmake/ament_cmake_export_libraries-extras.cmake
-- Installing: C:/Users/dsai9/OneDrive/Documents/MATLAB/bno055/custom/matlab_msg_gen/win64/install/share/aerobot_interfaces/cmake/ament_cmake_export_targets-extras.cmake
-- Installing: C:/Users/dsai9/OneDrive/Documents/MATLAB/bno055/custom/matlab_msg_gen/win64/install/share/aerobot_interfaces/cmake/rosidl_cmake_export_typesupport_targets-extras.cmake
-- Installing: C:/Users/dsai9/OneDrive/Documents/MATLAB/bno055/custom/matlab_msg_gen/win64/install/share/aerobot_interfaces/cmake/ament_cmake_export_dependencies-extras.cmake
-- Installing: C:/Users/dsai9/OneDrive/Documents/MATLAB/bno055/custom/matlab_msg_gen/win64/install/share/aerobot_interfaces/cmake/rosidl_cmake_export_typesupport_libraries-extras.cmake
-- Installing: C:/Users/dsai9/OneDrive/Documents/MATLAB/bno055/custom/matlab_msg_gen/win64/install/share/aerobot_interfaces/cmake/aerobot_interfacesConfig.cmake
-- Installing: C:/Users/dsai9/OneDrive/Documents/MATLAB/bno055/custom/matlab_msg_gen/win64/install/share/aerobot_interfaces/cmake/aerobot_interfacesConfig-version.cmake
-- Installing: C:/Users/dsai9/OneDrive/Documents/MATLAB/bno055/custom/matlab_msg_gen/win64/install/share/aerobot_interfaces/package.xml
