[0.109s] Invoking command in 'C:\Users\dsai9\OneDrive\Documents\MATLAB\bno055\custom\matlab_msg_gen\win64\build\aerobot_interfaces': C:\Program Files\MATLAB\R2024a\bin\win64\cmake\bin\cmake.EXE C:\Users\dsai9\OneDrive\Documents\MATLAB\bno055\custom\matlab_msg_gen\win64\src\aerobot_interfaces -DCMAKE_BUILD_TYPE=Release -DBUILD_TESTING=OFF -DALIAS_ROS2_TF2=1 -DCMAKE_CXX_FLAGS_RELEASE=/MD /Od /Ob2 /DNDEBUG -G Ninja -DCMAKE_INSTALL_PREFIX=C:\Users\dsai9\OneDrive\Documents\MATLAB\bno055\custom\matlab_msg_gen\win64\install
[0.812s] -- The C compiler identification is MSVC 19.40.33811.0
[1.094s] -- The CXX compiler identification is MSVC 19.40.33811.0
[1.141s] -- Detecting C compiler ABI info
[1.984s] -- Detecting C compiler ABI info - done
[2.016s] -- Check for working C compiler: C:/Program Files/Microsoft Visual Studio/2022/Community/VC/Tools/MSVC/14.40.33807/bin/Hostx86/x64/cl.exe - skipped
[2.016s] -- Detecting C compile features
[2.016s] -- Detecting C compile features - done
[2.016s] -- Detecting CXX compiler ABI info
[2.578s] -- Detecting CXX compiler ABI info - done
[2.594s] -- Check for working CXX compiler: C:/Program Files/Microsoft Visual Studio/2022/Community/VC/Tools/MSVC/14.40.33807/bin/Hostx86/x64/cl.exe - skipped
[2.609s] -- Detecting CXX compile features
[2.609s] -- Detecting CXX compile features - done
[2.625s] -- Found ament_cmake: 1.3.3 (C:/Program Files/MATLAB/R2024a/sys/ros2/win64/ros2/share/ament_cmake/cmake)
[4.094s] -- Found Python3: C:/Users/dsai9/AppData/Local/Microsoft/WindowsApps/python3.12.exe (found version "3.12.4") found components: Interpreter 
[4.469s] -- Found ament_cmake_ros: 0.10.0 (C:/Program Files/MATLAB/R2024a/sys/ros2/win64/ros2/share/ament_cmake_ros/cmake)
[4.500s] -- Found rosidl_typesupport_c: 2.0.0 (C:/Program Files/MATLAB/R2024a/sys/ros2/win64/ros2/share/rosidl_typesupport_c/cmake)
[4.500s] -- Using all available rosidl_typesupport_c: rosidl_typesupport_fastrtps_c;rosidl_typesupport_introspection_c
[4.516s] -- Found rosidl_adapter: 3.1.4 (C:/Program Files/MATLAB/R2024a/sys/ros2/win64/ros2/share/rosidl_adapter/cmake)
[4.609s] -- Found rosidl_typesupport_cpp: 2.0.0 (C:/Program Files/MATLAB/R2024a/sys/ros2/win64/ros2/share/rosidl_typesupport_cpp/cmake)
[4.625s] -- Using all available rosidl_typesupport_cpp: rosidl_typesupport_fastrtps_cpp;rosidl_typesupport_introspection_cpp
[4.703s] -- Found rosidl_default_generators: 1.2.0 (C:/Program Files/MATLAB/R2024a/sys/ros2/win64/ros2/share/rosidl_default_generators/cmake)
[4.719s] -- Found class_loader: 2.2.0 (C:/Program Files/MATLAB/R2024a/sys/ros2/win64/ros2/share/class_loader/cmake)
[4.734s] -- Found rclcpp: 16.0.5 (C:/Program Files/MATLAB/R2024a/sys/ros2/win64/ros2/share/rclcpp/cmake)
[4.969s] -- Found rmw_implementation_cmake: 6.1.1 (C:/Program Files/MATLAB/R2024a/sys/ros2/win64/ros2/share/rmw_implementation_cmake/cmake)
[4.969s] -- Found rmw_fastrtps_cpp: 6.2.2 (C:/Program Files/MATLAB/R2024a/sys/ros2/win64/ros2/share/rmw_fastrtps_cpp/cmake)
[5.156s] -- Found FastRTPS: C:/Program Files/MATLAB/R2024a/sys/ros2/win64/ros2/include  
[5.203s] -- Using RMW implementation 'rmw_fastrtps_cpp' as default
[5.219s] -- Performing Test CMAKE_HAVE_LIBC_PTHREAD
[5.391s] -- Performing Test CMAKE_HAVE_LIBC_PTHREAD - Failed
[5.391s] -- Looking for pthread_create in pthreads
[5.625s] -- Looking for pthread_create in pthreads - not found
[5.625s] -- Looking for pthread_create in pthread
[5.844s] -- Looking for pthread_create in pthread - not found
[5.844s] -- Found Threads: TRUE  
[7.172s] -- Using all available rosidl_typesupport_c: rosidl_typesupport_fastrtps_c;rosidl_typesupport_introspection_c
[7.641s] -- Using all available rosidl_typesupport_cpp: rosidl_typesupport_fastrtps_cpp;rosidl_typesupport_introspection_cpp
[7.719s] -- Configuring done
[7.844s] -- Generating done
[7.906s] -- Build files have been written to: C:/Users/dsai9/OneDrive/Documents/MATLAB/bno055/custom/matlab_msg_gen/win64/build/aerobot_interfaces
[7.922s] Invoked command in 'C:\Users\dsai9\OneDrive\Documents\MATLAB\bno055\custom\matlab_msg_gen\win64\build\aerobot_interfaces' returned '0': C:\Program Files\MATLAB\R2024a\bin\win64\cmake\bin\cmake.EXE C:\Users\dsai9\OneDrive\Documents\MATLAB\bno055\custom\matlab_msg_gen\win64\src\aerobot_interfaces -DCMAKE_BUILD_TYPE=Release -DBUILD_TESTING=OFF -DALIAS_ROS2_TF2=1 -DCMAKE_CXX_FLAGS_RELEASE=/MD /Od /Ob2 /DNDEBUG -G Ninja -DCMAKE_INSTALL_PREFIX=C:\Users\dsai9\OneDrive\Documents\MATLAB\bno055\custom\matlab_msg_gen\win64\install
[7.922s] Invoking command in 'C:\Users\dsai9\OneDrive\Documents\MATLAB\bno055\custom\matlab_msg_gen\win64\build\aerobot_interfaces': C:\Program Files\MATLAB\R2024a\bin\win64\cmake\bin\cmake.EXE --build C:\Users\dsai9\OneDrive\Documents\MATLAB\bno055\custom\matlab_msg_gen\win64\build\aerobot_interfaces -- -j12 -l12
[8.500s] [1/24] Generating C++ code for ROS interfaces
[8.531s] [2/24] Generating C code for ROS interfaces
[8.656s] [3/24] Building C object CMakeFiles\aerobot_interfaces__rosidl_generator_c.dir\rosidl_generator_c\aerobot_interfaces\srv\detail\esc_srv__functions.c.obj
[8.906s] [4/24] Linking C shared library aerobot_interfaces__rosidl_generator_c.dll
[9.141s] [5/24] Generating C++ type support dispatch for ROS interfaces
[9.172s] [6/24] Generating C++ introspection for ROS interfaces
[9.187s] [7/24] Generating C++ type support for eProsima Fast-RTPS
[9.578s] [8/24] Generating C type support dispatch for ROS interfaces
[9.609s] [9/24] Generating C introspection for ROS interfaces
[9.609s] [10/24] Generating C type support for eProsima Fast-RTPS
[9.656s] [11/24] Building CXX object CMakeFiles\aerobot_interfaces__rosidl_typesupport_cpp.dir\rosidl_typesupport_cpp\aerobot_interfaces\srv\esc_srv__type_support.cpp.obj
[9.719s] [12/24] Building CXX object CMakeFiles\aerobot_interfaces__rosidl_typesupport_c.dir\rosidl_typesupport_c\aerobot_interfaces\srv\esc_srv__type_support.cpp.obj
[9.719s] [13/24] Building C object CMakeFiles\aerobot_interfaces__rosidl_typesupport_introspection_c.dir\eef8357749c14c2fc9e9e30e2931c84e\srv\detail\esc_srv__type_support.c.obj
[9.812s] [14/24] Building CXX object CMakeFiles\aerobot_interfaces__rosidl_typesupport_introspection_cpp.dir\067b130b49f0a068dc86090e8b96bffa\srv\detail\esc_srv__type_support.cpp.obj
[9.953s] [15/24] Linking CXX shared library aerobot_interfaces__rosidl_typesupport_cpp.dll
[10.000s] [16/24] Linking C shared library aerobot_interfaces__rosidl_typesupport_introspection_c.dll
[10.016s] [17/24] Linking CXX shared library aerobot_interfaces__rosidl_typesupport_c.dll
[10.062s] [18/24] Linking CXX shared library aerobot_interfaces__rosidl_typesupport_introspection_cpp.dll
[10.094s] [19/24] Building CXX object CMakeFiles\aerobot_interfaces__rosidl_typesupport_fastrtps_cpp.dir\672ffb24cd43ba17305aec7ec894c3ea\dds_fastrtps\esc_srv__type_support.cpp.obj
[10.094s] cl : Command line warning D9025 : overriding '/W3' with '/W4'
[10.297s] [20/24] Linking CXX shared library aerobot_interfaces__rosidl_typesupport_fastrtps_cpp.dll
[10.359s] [21/24] Building CXX object CMakeFiles\aerobot_interfaces__rosidl_typesupport_fastrtps_c.dir\277c4956b542f48767dcb3729b2b4fe3\srv\detail\esc_srv__type_support_c.cpp.obj
[10.359s] cl : Command line warning D9025 : overriding '/W3' with '/W4'
[10.547s] [22/24] Linking CXX shared library aerobot_interfaces__rosidl_typesupport_fastrtps_c.dll
[17.625s] [23/24] Building CXX object CMakeFiles\aerobot_interfaces_matlab.dir\src\aerobot_interfaces_EscSrv_service.cpp.obj
[17.625s] C:\Users\dsai9\OneDrive\Documents\MATLAB\bno055\custom\matlab_msg_gen\win64\src\aerobot_interfaces\src\aerobot_interfaces_EscSrv_service.cpp(38): warning C4275: non dll-interface class 'MATLABROS2MsgInterfaceBase' used as base for dll-interface class 'MATLABROS2MsgInterface<aerobot_interfaces::srv::EscSrv::Request>'
[17.625s] C:\Program Files\MATLAB\R2024a\toolbox\ros\include\ros2\MATLABROS2MsgInterface.hpp(50): note: see declaration of 'MATLABROS2MsgInterfaceBase'
[17.625s] C:\Program Files\MATLAB\R2024a\toolbox\ros\include\ros2\MATLABROS2MsgInterface.hpp(104): note: see declaration of 'MATLABROS2MsgInterface<aerobot_interfaces::srv::EscSrv::Request>'
[17.625s] C:\Users\dsai9\OneDrive\Documents\MATLAB\bno055\custom\matlab_msg_gen\win64\src\aerobot_interfaces\src\aerobot_interfaces_EscSrv_service.cpp(80): warning C4275: non dll-interface class 'MATLABROS2MsgInterfaceBase' used as base for dll-interface class 'MATLABROS2MsgInterface<aerobot_interfaces::srv::EscSrv::Response>'
[17.625s] C:\Program Files\MATLAB\R2024a\toolbox\ros\include\ros2\MATLABROS2MsgInterface.hpp(50): note: see declaration of 'MATLABROS2MsgInterfaceBase'
[17.625s] C:\Program Files\MATLAB\R2024a\toolbox\ros\include\ros2\MATLABROS2MsgInterface.hpp(104): note: see declaration of 'MATLABROS2MsgInterface<aerobot_interfaces::srv::EscSrv::Response>'
[17.625s] C:\Users\dsai9\OneDrive\Documents\MATLAB\bno055\custom\matlab_msg_gen\win64\src\aerobot_interfaces\src\aerobot_interfaces_EscSrv_service.cpp(110): warning C4275: non dll-interface class 'ROS2MsgElementInterfaceFactory' used as base for dll-interface class 'ros2_aerobot_interfaces_EscSrv_service'
[17.625s] C:\Program Files\MATLAB\R2024a\toolbox\ros\include\ros2\MATLABROS2MsgInterface.hpp(55): note: see declaration of 'ROS2MsgElementInterfaceFactory'
[17.625s] C:\Users\dsai9\OneDrive\Documents\MATLAB\bno055\custom\matlab_msg_gen\win64\src\aerobot_interfaces\src\aerobot_interfaces_EscSrv_service.cpp(110): note: see declaration of 'ros2_aerobot_interfaces_EscSrv_service'
[17.953s] [24/24] Linking CXX shared library aerobot_interfaces_matlab.dll
[17.953s] Invoked command in 'C:\Users\dsai9\OneDrive\Documents\MATLAB\bno055\custom\matlab_msg_gen\win64\build\aerobot_interfaces' returned '0': C:\Program Files\MATLAB\R2024a\bin\win64\cmake\bin\cmake.EXE --build C:\Users\dsai9\OneDrive\Documents\MATLAB\bno055\custom\matlab_msg_gen\win64\build\aerobot_interfaces -- -j12 -l12
[18.047s] Invoking command in 'C:\Users\dsai9\OneDrive\Documents\MATLAB\bno055\custom\matlab_msg_gen\win64\build\aerobot_interfaces': C:\Program Files\MATLAB\R2024a\bin\win64\cmake\bin\cmake.EXE --install C:\Users\dsai9\OneDrive\Documents\MATLAB\bno055\custom\matlab_msg_gen\win64\build\aerobot_interfaces
[18.078s] -- Install configuration: "Release"
[18.094s] -- Installing: C:/Users/dsai9/OneDrive/Documents/MATLAB/bno055/custom/matlab_msg_gen/win64/install/share/ament_index/resource_index/rosidl_interfaces/aerobot_interfaces
[18.109s] -- Installing: C:/Users/dsai9/OneDrive/Documents/MATLAB/bno055/custom/matlab_msg_gen/win64/install/include/aerobot_interfaces/aerobot_interfaces
[18.109s] -- Installing: C:/Users/dsai9/OneDrive/Documents/MATLAB/bno055/custom/matlab_msg_gen/win64/install/include/aerobot_interfaces/aerobot_interfaces/msg
[18.109s] -- Installing: C:/Users/dsai9/OneDrive/Documents/MATLAB/bno055/custom/matlab_msg_gen/win64/install/include/aerobot_interfaces/aerobot_interfaces/msg/rosidl_generator_c__visibility_control.h
[18.109s] -- Installing: C:/Users/dsai9/OneDrive/Documents/MATLAB/bno055/custom/matlab_msg_gen/win64/install/include/aerobot_interfaces/aerobot_interfaces/srv
[18.109s] -- Installing: C:/Users/dsai9/OneDrive/Documents/MATLAB/bno055/custom/matlab_msg_gen/win64/install/include/aerobot_interfaces/aerobot_interfaces/srv/detail
[18.125s] -- Installing: C:/Users/dsai9/OneDrive/Documents/MATLAB/bno055/custom/matlab_msg_gen/win64/install/include/aerobot_interfaces/aerobot_interfaces/srv/detail/esc_srv__functions.c
[18.141s] -- Installing: C:/Users/dsai9/OneDrive/Documents/MATLAB/bno055/custom/matlab_msg_gen/win64/install/include/aerobot_interfaces/aerobot_interfaces/srv/detail/esc_srv__functions.h
[18.156s] -- Installing: C:/Users/dsai9/OneDrive/Documents/MATLAB/bno055/custom/matlab_msg_gen/win64/install/include/aerobot_interfaces/aerobot_interfaces/srv/detail/esc_srv__struct.h
[18.156s] -- Installing: C:/Users/dsai9/OneDrive/Documents/MATLAB/bno055/custom/matlab_msg_gen/win64/install/include/aerobot_interfaces/aerobot_interfaces/srv/detail/esc_srv__type_support.h
[18.156s] -- Installing: C:/Users/dsai9/OneDrive/Documents/MATLAB/bno055/custom/matlab_msg_gen/win64/install/include/aerobot_interfaces/aerobot_interfaces/srv/esc_srv.h
[18.172s] -- Installing: C:/Users/dsai9/OneDrive/Documents/MATLAB/bno055/custom/matlab_msg_gen/win64/install/lib/aerobot_interfaces__rosidl_generator_c.lib
[18.187s] -- Installing: C:/Users/dsai9/OneDrive/Documents/MATLAB/bno055/custom/matlab_msg_gen/win64/install/bin/aerobot_interfaces__rosidl_generator_c.dll
[18.187s] -- Up-to-date: C:/Users/dsai9/OneDrive/Documents/MATLAB/bno055/custom/matlab_msg_gen/win64/install/include/aerobot_interfaces/aerobot_interfaces
[18.187s] -- Up-to-date: C:/Users/dsai9/OneDrive/Documents/MATLAB/bno055/custom/matlab_msg_gen/win64/install/include/aerobot_interfaces/aerobot_interfaces/msg
[18.187s] -- Installing: C:/Users/dsai9/OneDrive/Documents/MATLAB/bno055/custom/matlab_msg_gen/win64/install/include/aerobot_interfaces/aerobot_interfaces/msg/rosidl_typesupport_fastrtps_c__visibility_control.h
[18.203s] -- Up-to-date: C:/Users/dsai9/OneDrive/Documents/MATLAB/bno055/custom/matlab_msg_gen/win64/install/include/aerobot_interfaces/aerobot_interfaces/srv
[18.203s] -- Up-to-date: C:/Users/dsai9/OneDrive/Documents/MATLAB/bno055/custom/matlab_msg_gen/win64/install/include/aerobot_interfaces/aerobot_interfaces/srv/detail
[18.203s] -- Installing: C:/Users/dsai9/OneDrive/Documents/MATLAB/bno055/custom/matlab_msg_gen/win64/install/include/aerobot_interfaces/aerobot_interfaces/srv/detail/esc_srv__rosidl_typesupport_fastrtps_c.h
[18.203s] -- Installing: C:/Users/dsai9/OneDrive/Documents/MATLAB/bno055/custom/matlab_msg_gen/win64/install/lib/aerobot_interfaces__rosidl_typesupport_fastrtps_c.lib
[18.203s] -- Installing: C:/Users/dsai9/OneDrive/Documents/MATLAB/bno055/custom/matlab_msg_gen/win64/install/bin/aerobot_interfaces__rosidl_typesupport_fastrtps_c.dll
[18.203s] -- Up-to-date: C:/Users/dsai9/OneDrive/Documents/MATLAB/bno055/custom/matlab_msg_gen/win64/install/include/aerobot_interfaces/aerobot_interfaces
[18.203s] -- Up-to-date: C:/Users/dsai9/OneDrive/Documents/MATLAB/bno055/custom/matlab_msg_gen/win64/install/include/aerobot_interfaces/aerobot_interfaces/msg
[18.203s] -- Installing: C:/Users/dsai9/OneDrive/Documents/MATLAB/bno055/custom/matlab_msg_gen/win64/install/include/aerobot_interfaces/aerobot_interfaces/msg/rosidl_typesupport_introspection_c__visibility_control.h
[18.219s] -- Up-to-date: C:/Users/dsai9/OneDrive/Documents/MATLAB/bno055/custom/matlab_msg_gen/win64/install/include/aerobot_interfaces/aerobot_interfaces/srv
[18.219s] -- Up-to-date: C:/Users/dsai9/OneDrive/Documents/MATLAB/bno055/custom/matlab_msg_gen/win64/install/include/aerobot_interfaces/aerobot_interfaces/srv/detail
[18.219s] -- Installing: C:/Users/dsai9/OneDrive/Documents/MATLAB/bno055/custom/matlab_msg_gen/win64/install/include/aerobot_interfaces/aerobot_interfaces/srv/detail/esc_srv__rosidl_typesupport_introspection_c.h
[18.250s] -- Installing: C:/Users/dsai9/OneDrive/Documents/MATLAB/bno055/custom/matlab_msg_gen/win64/install/include/aerobot_interfaces/aerobot_interfaces/srv/detail/esc_srv__type_support.c
[18.250s] -- Installing: C:/Users/dsai9/OneDrive/Documents/MATLAB/bno055/custom/matlab_msg_gen/win64/install/lib/aerobot_interfaces__rosidl_typesupport_introspection_c.lib
[18.250s] -- Installing: C:/Users/dsai9/OneDrive/Documents/MATLAB/bno055/custom/matlab_msg_gen/win64/install/bin/aerobot_interfaces__rosidl_typesupport_introspection_c.dll
[18.250s] -- Installing: C:/Users/dsai9/OneDrive/Documents/MATLAB/bno055/custom/matlab_msg_gen/win64/install/lib/aerobot_interfaces__rosidl_typesupport_c.lib
[18.250s] -- Installing: C:/Users/dsai9/OneDrive/Documents/MATLAB/bno055/custom/matlab_msg_gen/win64/install/bin/aerobot_interfaces__rosidl_typesupport_c.dll
[18.250s] -- Up-to-date: C:/Users/dsai9/OneDrive/Documents/MATLAB/bno055/custom/matlab_msg_gen/win64/install/include/aerobot_interfaces/aerobot_interfaces
[18.266s] -- Up-to-date: C:/Users/dsai9/OneDrive/Documents/MATLAB/bno055/custom/matlab_msg_gen/win64/install/include/aerobot_interfaces/aerobot_interfaces/srv
[18.266s] -- Up-to-date: C:/Users/dsai9/OneDrive/Documents/MATLAB/bno055/custom/matlab_msg_gen/win64/install/include/aerobot_interfaces/aerobot_interfaces/srv/detail
[18.266s] -- Installing: C:/Users/dsai9/OneDrive/Documents/MATLAB/bno055/custom/matlab_msg_gen/win64/install/include/aerobot_interfaces/aerobot_interfaces/srv/detail/esc_srv__builder.hpp
[18.266s] -- Installing: C:/Users/dsai9/OneDrive/Documents/MATLAB/bno055/custom/matlab_msg_gen/win64/install/include/aerobot_interfaces/aerobot_interfaces/srv/detail/esc_srv__struct.hpp
[18.281s] -- Installing: C:/Users/dsai9/OneDrive/Documents/MATLAB/bno055/custom/matlab_msg_gen/win64/install/include/aerobot_interfaces/aerobot_interfaces/srv/detail/esc_srv__traits.hpp
[18.281s] -- Installing: C:/Users/dsai9/OneDrive/Documents/MATLAB/bno055/custom/matlab_msg_gen/win64/install/include/aerobot_interfaces/aerobot_interfaces/srv/esc_srv.hpp
[18.281s] -- Up-to-date: C:/Users/dsai9/OneDrive/Documents/MATLAB/bno055/custom/matlab_msg_gen/win64/install/include/aerobot_interfaces/aerobot_interfaces
[18.281s] -- Up-to-date: C:/Users/dsai9/OneDrive/Documents/MATLAB/bno055/custom/matlab_msg_gen/win64/install/include/aerobot_interfaces/aerobot_interfaces/msg
[18.281s] -- Installing: C:/Users/dsai9/OneDrive/Documents/MATLAB/bno055/custom/matlab_msg_gen/win64/install/include/aerobot_interfaces/aerobot_interfaces/msg/rosidl_typesupport_fastrtps_cpp__visibility_control.h
[18.281s] -- Up-to-date: C:/Users/dsai9/OneDrive/Documents/MATLAB/bno055/custom/matlab_msg_gen/win64/install/include/aerobot_interfaces/aerobot_interfaces/srv
[18.281s] -- Up-to-date: C:/Users/dsai9/OneDrive/Documents/MATLAB/bno055/custom/matlab_msg_gen/win64/install/include/aerobot_interfaces/aerobot_interfaces/srv/detail
[18.281s] -- Installing: C:/Users/dsai9/OneDrive/Documents/MATLAB/bno055/custom/matlab_msg_gen/win64/install/include/aerobot_interfaces/aerobot_interfaces/srv/detail/dds_fastrtps
[18.281s] -- Installing: C:/Users/dsai9/OneDrive/Documents/MATLAB/bno055/custom/matlab_msg_gen/win64/install/include/aerobot_interfaces/aerobot_interfaces/srv/detail/esc_srv__rosidl_typesupport_fastrtps_cpp.hpp
[18.297s] -- Installing: C:/Users/dsai9/OneDrive/Documents/MATLAB/bno055/custom/matlab_msg_gen/win64/install/lib/aerobot_interfaces__rosidl_typesupport_fastrtps_cpp.lib
[18.297s] -- Installing: C:/Users/dsai9/OneDrive/Documents/MATLAB/bno055/custom/matlab_msg_gen/win64/install/bin/aerobot_interfaces__rosidl_typesupport_fastrtps_cpp.dll
[18.297s] -- Up-to-date: C:/Users/dsai9/OneDrive/Documents/MATLAB/bno055/custom/matlab_msg_gen/win64/install/include/aerobot_interfaces/aerobot_interfaces
[18.297s] -- Up-to-date: C:/Users/dsai9/OneDrive/Documents/MATLAB/bno055/custom/matlab_msg_gen/win64/install/include/aerobot_interfaces/aerobot_interfaces/srv
[18.297s] -- Up-to-date: C:/Users/dsai9/OneDrive/Documents/MATLAB/bno055/custom/matlab_msg_gen/win64/install/include/aerobot_interfaces/aerobot_interfaces/srv/detail
[18.297s] -- Installing: C:/Users/dsai9/OneDrive/Documents/MATLAB/bno055/custom/matlab_msg_gen/win64/install/include/aerobot_interfaces/aerobot_interfaces/srv/detail/esc_srv__rosidl_typesupport_introspection_cpp.hpp
[18.312s] -- Installing: C:/Users/dsai9/OneDrive/Documents/MATLAB/bno055/custom/matlab_msg_gen/win64/install/include/aerobot_interfaces/aerobot_interfaces/srv/detail/esc_srv__type_support.cpp
[18.312s] -- Installing: C:/Users/dsai9/OneDrive/Documents/MATLAB/bno055/custom/matlab_msg_gen/win64/install/lib/aerobot_interfaces__rosidl_typesupport_introspection_cpp.lib
[18.312s] -- Installing: C:/Users/dsai9/OneDrive/Documents/MATLAB/bno055/custom/matlab_msg_gen/win64/install/bin/aerobot_interfaces__rosidl_typesupport_introspection_cpp.dll
[18.328s] -- Installing: C:/Users/dsai9/OneDrive/Documents/MATLAB/bno055/custom/matlab_msg_gen/win64/install/lib/aerobot_interfaces__rosidl_typesupport_cpp.lib
[18.328s] -- Installing: C:/Users/dsai9/OneDrive/Documents/MATLAB/bno055/custom/matlab_msg_gen/win64/install/bin/aerobot_interfaces__rosidl_typesupport_cpp.dll
[18.328s] -- Installing: C:/Users/dsai9/OneDrive/Documents/MATLAB/bno055/custom/matlab_msg_gen/win64/install/share/aerobot_interfaces/srv/EscSrv.idl
[18.328s] -- Installing: C:/Users/dsai9/OneDrive/Documents/MATLAB/bno055/custom/matlab_msg_gen/win64/install/share/aerobot_interfaces/srv/EscSrv.srv
[18.328s] -- Installing: C:/Users/dsai9/OneDrive/Documents/MATLAB/bno055/custom/matlab_msg_gen/win64/install/share/aerobot_interfaces/srv/EscSrv_Request.msg
[18.328s] -- Installing: C:/Users/dsai9/OneDrive/Documents/MATLAB/bno055/custom/matlab_msg_gen/win64/install/share/aerobot_interfaces/srv/EscSrv_Response.msg
[18.328s] -- Up-to-date: C:/Users/dsai9/OneDrive/Documents/MATLAB/bno055/custom/matlab_msg_gen/win64/install/include
[18.328s] -- Up-to-date: C:/Users/dsai9/OneDrive/Documents/MATLAB/bno055/custom/matlab_msg_gen/win64/install/include/aerobot_interfaces
[18.328s] -- Installing: C:/Users/dsai9/OneDrive/Documents/MATLAB/bno055/custom/matlab_msg_gen/win64/install/include/aerobot_interfaces/visibility_control.h
[18.344s] -- Installing: C:/Users/dsai9/OneDrive/Documents/MATLAB/bno055/custom/matlab_msg_gen/win64/install/lib/aerobot_interfaces_matlab.lib
[18.344s] -- Installing: C:/Users/dsai9/OneDrive/Documents/MATLAB/bno055/custom/matlab_msg_gen/win64/install/bin/aerobot_interfaces_matlab.dll
[18.344s] -- Installing: C:/Users/dsai9/OneDrive/Documents/MATLAB/bno055/custom/matlab_msg_gen/win64/install/m/
[18.344s] -- Installing: C:/Users/dsai9/OneDrive/Documents/MATLAB/bno055/custom/matlab_msg_gen/win64/install/m//+ros
[18.344s] -- Installing: C:/Users/dsai9/OneDrive/Documents/MATLAB/bno055/custom/matlab_msg_gen/win64/install/m//+ros/+internal
[18.344s] -- Installing: C:/Users/dsai9/OneDrive/Documents/MATLAB/bno055/custom/matlab_msg_gen/win64/install/m//+ros/+internal/+ros2
[18.344s] -- Installing: C:/Users/dsai9/OneDrive/Documents/MATLAB/bno055/custom/matlab_msg_gen/win64/install/m//+ros/+internal/+ros2/+custommessages
[18.344s] -- Installing: C:/Users/dsai9/OneDrive/Documents/MATLAB/bno055/custom/matlab_msg_gen/win64/install/m//+ros/+internal/+ros2/+custommessages/+aerobot_interfaces
[18.344s] -- Installing: C:/Users/dsai9/OneDrive/Documents/MATLAB/bno055/custom/matlab_msg_gen/win64/install/m//+ros/+internal/+ros2/+custommessages/+aerobot_interfaces/escSrvRequest.m
[18.344s] -- Installing: C:/Users/dsai9/OneDrive/Documents/MATLAB/bno055/custom/matlab_msg_gen/win64/install/m//+ros/+internal/+ros2/+custommessages/+aerobot_interfaces/escSrvResponse.m
[18.344s] -- Installing: C:/Users/dsai9/OneDrive/Documents/MATLAB/bno055/custom/matlab_msg_gen/win64/install/share/ament_index/resource_index/package_run_dependencies/aerobot_interfaces
[18.344s] -- Installing: C:/Users/dsai9/OneDrive/Documents/MATLAB/bno055/custom/matlab_msg_gen/win64/install/share/ament_index/resource_index/parent_prefix_path/aerobot_interfaces
[18.359s] -- Installing: C:/Users/dsai9/OneDrive/Documents/MATLAB/bno055/custom/matlab_msg_gen/win64/install/share/aerobot_interfaces/environment/ament_prefix_path.bat
[18.359s] -- Installing: C:/Users/dsai9/OneDrive/Documents/MATLAB/bno055/custom/matlab_msg_gen/win64/install/share/aerobot_interfaces/environment/ament_prefix_path.dsv
[18.359s] -- Installing: C:/Users/dsai9/OneDrive/Documents/MATLAB/bno055/custom/matlab_msg_gen/win64/install/share/aerobot_interfaces/environment/path.bat
[18.359s] -- Installing: C:/Users/dsai9/OneDrive/Documents/MATLAB/bno055/custom/matlab_msg_gen/win64/install/share/aerobot_interfaces/environment/path.dsv
[18.359s] -- Installing: C:/Users/dsai9/OneDrive/Documents/MATLAB/bno055/custom/matlab_msg_gen/win64/install/share/aerobot_interfaces/local_setup.bat
[18.359s] -- Installing: C:/Users/dsai9/OneDrive/Documents/MATLAB/bno055/custom/matlab_msg_gen/win64/install/share/aerobot_interfaces/local_setup.dsv
[18.359s] -- Installing: C:/Users/dsai9/OneDrive/Documents/MATLAB/bno055/custom/matlab_msg_gen/win64/install/share/aerobot_interfaces/package.dsv
[18.359s] -- Installing: C:/Users/dsai9/OneDrive/Documents/MATLAB/bno055/custom/matlab_msg_gen/win64/install/share/ament_index/resource_index/packages/aerobot_interfaces
[18.375s] -- Installing: C:/Users/dsai9/OneDrive/Documents/MATLAB/bno055/custom/matlab_msg_gen/win64/install/share/aerobot_interfaces/cmake/export_aerobot_interfaces__rosidl_generator_cExport.cmake
[18.375s] -- Installing: C:/Users/dsai9/OneDrive/Documents/MATLAB/bno055/custom/matlab_msg_gen/win64/install/share/aerobot_interfaces/cmake/export_aerobot_interfaces__rosidl_generator_cExport-release.cmake
[18.375s] -- Installing: C:/Users/dsai9/OneDrive/Documents/MATLAB/bno055/custom/matlab_msg_gen/win64/install/share/aerobot_interfaces/cmake/export_aerobot_interfaces__rosidl_typesupport_fastrtps_cExport.cmake
[18.391s] -- Installing: C:/Users/dsai9/OneDrive/Documents/MATLAB/bno055/custom/matlab_msg_gen/win64/install/share/aerobot_interfaces/cmake/export_aerobot_interfaces__rosidl_typesupport_fastrtps_cExport-release.cmake
[18.391s] -- Installing: C:/Users/dsai9/OneDrive/Documents/MATLAB/bno055/custom/matlab_msg_gen/win64/install/share/aerobot_interfaces/cmake/aerobot_interfaces__rosidl_typesupport_introspection_cExport.cmake
[18.391s] -- Installing: C:/Users/dsai9/OneDrive/Documents/MATLAB/bno055/custom/matlab_msg_gen/win64/install/share/aerobot_interfaces/cmake/aerobot_interfaces__rosidl_typesupport_introspection_cExport-release.cmake
[18.391s] -- Installing: C:/Users/dsai9/OneDrive/Documents/MATLAB/bno055/custom/matlab_msg_gen/win64/install/share/aerobot_interfaces/cmake/aerobot_interfaces__rosidl_typesupport_cExport.cmake
[18.406s] -- Installing: C:/Users/dsai9/OneDrive/Documents/MATLAB/bno055/custom/matlab_msg_gen/win64/install/share/aerobot_interfaces/cmake/aerobot_interfaces__rosidl_typesupport_cExport-release.cmake
[18.406s] -- Installing: C:/Users/dsai9/OneDrive/Documents/MATLAB/bno055/custom/matlab_msg_gen/win64/install/share/aerobot_interfaces/cmake/export_aerobot_interfaces__rosidl_generator_cppExport.cmake
[18.406s] -- Installing: C:/Users/dsai9/OneDrive/Documents/MATLAB/bno055/custom/matlab_msg_gen/win64/install/share/aerobot_interfaces/cmake/export_aerobot_interfaces__rosidl_typesupport_fastrtps_cppExport.cmake
[18.406s] -- Installing: C:/Users/dsai9/OneDrive/Documents/MATLAB/bno055/custom/matlab_msg_gen/win64/install/share/aerobot_interfaces/cmake/export_aerobot_interfaces__rosidl_typesupport_fastrtps_cppExport-release.cmake
[18.406s] -- Installing: C:/Users/dsai9/OneDrive/Documents/MATLAB/bno055/custom/matlab_msg_gen/win64/install/share/aerobot_interfaces/cmake/aerobot_interfaces__rosidl_typesupport_introspection_cppExport.cmake
[18.422s] -- Installing: C:/Users/dsai9/OneDrive/Documents/MATLAB/bno055/custom/matlab_msg_gen/win64/install/share/aerobot_interfaces/cmake/aerobot_interfaces__rosidl_typesupport_introspection_cppExport-release.cmake
[18.422s] -- Installing: C:/Users/dsai9/OneDrive/Documents/MATLAB/bno055/custom/matlab_msg_gen/win64/install/share/aerobot_interfaces/cmake/aerobot_interfaces__rosidl_typesupport_cppExport.cmake
[18.422s] -- Installing: C:/Users/dsai9/OneDrive/Documents/MATLAB/bno055/custom/matlab_msg_gen/win64/install/share/aerobot_interfaces/cmake/aerobot_interfaces__rosidl_typesupport_cppExport-release.cmake
[18.422s] -- Installing: C:/Users/dsai9/OneDrive/Documents/MATLAB/bno055/custom/matlab_msg_gen/win64/install/share/aerobot_interfaces/cmake/rosidl_cmake-extras.cmake
[18.422s] -- Installing: C:/Users/dsai9/OneDrive/Documents/MATLAB/bno055/custom/matlab_msg_gen/win64/install/share/aerobot_interfaces/cmake/ament_cmake_export_include_directories-extras.cmake
[18.422s] -- Installing: C:/Users/dsai9/OneDrive/Documents/MATLAB/bno055/custom/matlab_msg_gen/win64/install/share/aerobot_interfaces/cmake/ament_cmake_export_libraries-extras.cmake
[18.422s] -- Installing: C:/Users/dsai9/OneDrive/Documents/MATLAB/bno055/custom/matlab_msg_gen/win64/install/share/aerobot_interfaces/cmake/ament_cmake_export_targets-extras.cmake
[18.422s] -- Installing: C:/Users/dsai9/OneDrive/Documents/MATLAB/bno055/custom/matlab_msg_gen/win64/install/share/aerobot_interfaces/cmake/rosidl_cmake_export_typesupport_targets-extras.cmake
[18.422s] -- Installing: C:/Users/dsai9/OneDrive/Documents/MATLAB/bno055/custom/matlab_msg_gen/win64/install/share/aerobot_interfaces/cmake/ament_cmake_export_dependencies-extras.cmake
[18.422s] -- Installing: C:/Users/dsai9/OneDrive/Documents/MATLAB/bno055/custom/matlab_msg_gen/win64/install/share/aerobot_interfaces/cmake/rosidl_cmake_export_typesupport_libraries-extras.cmake
[18.437s] -- Installing: C:/Users/dsai9/OneDrive/Documents/MATLAB/bno055/custom/matlab_msg_gen/win64/install/share/aerobot_interfaces/cmake/aerobot_interfacesConfig.cmake
[18.437s] -- Installing: C:/Users/dsai9/OneDrive/Documents/MATLAB/bno055/custom/matlab_msg_gen/win64/install/share/aerobot_interfaces/cmake/aerobot_interfacesConfig-version.cmake
[18.437s] -- Installing: C:/Users/dsai9/OneDrive/Documents/MATLAB/bno055/custom/matlab_msg_gen/win64/install/share/aerobot_interfaces/package.xml
[18.437s] Invoked command in 'C:\Users\dsai9\OneDrive\Documents\MATLAB\bno055\custom\matlab_msg_gen\win64\build\aerobot_interfaces' returned '0': C:\Program Files\MATLAB\R2024a\bin\win64\cmake\bin\cmake.EXE --install C:\Users\dsai9\OneDrive\Documents\MATLAB\bno055\custom\matlab_msg_gen\win64\build\aerobot_interfaces
