The system is: Windows - 10.0.22631 - AMD64
Compiling the C compiler identification source file "CMakeCCompilerId.c" succeeded.
Compiler: C:/Program Files/Microsoft Visual Studio/2022/Community/VC/Tools/MSVC/14.40.33807/bin/Hostx86/x64/cl.exe 
Build flags: 
Id flags:  

The output was:
0
Microsoft (R) C/C++ Optimizing Compiler Version 19.40.33811 for x64
Copyright (C) Microsoft Corporation.  All rights reserved.

CMakeCCompilerId.c
Microsoft (R) Incremental Linker Version 14.40.33811.0
Copyright (C) Microsoft Corporation.  All rights reserved.

/out:CMakeCCompilerId.exe 
CMakeCCompilerId.obj 


Compilation of the C compiler identification source "CMakeCCompilerId.c" produced "CMakeCCompilerId.exe"

Compilation of the C compiler identification source "CMakeCCompilerId.c" produced "CMakeCCompilerId.obj"

The C compiler identification is MSVC, found in "C:/Users/dsai9/OneDrive/Documents/MATLAB/bno055/custom/matlab_msg_gen/win64/build/aerobot_interfaces/CMakeFiles/3.25.0/CompilerIdC/CMakeCCompilerId.exe"

Compiling the CXX compiler identification source file "CMakeCXXCompilerId.cpp" succeeded.
Compiler: C:/Program Files/Microsoft Visual Studio/2022/Community/VC/Tools/MSVC/14.40.33807/bin/Hostx86/x64/cl.exe 
Build flags: 
Id flags:  

The output was:
0
Microsoft (R) C/C++ Optimizing Compiler Version 19.40.33811 for x64
Copyright (C) Microsoft Corporation.  All rights reserved.

CMakeCXXCompilerId.cpp
Microsoft (R) Incremental Linker Version 14.40.33811.0
Copyright (C) Microsoft Corporation.  All rights reserved.

/out:CMakeCXXCompilerId.exe 
CMakeCXXCompilerId.obj 


Compilation of the CXX compiler identification source "CMakeCXXCompilerId.cpp" produced "CMakeCXXCompilerId.exe"

Compilation of the CXX compiler identification source "CMakeCXXCompilerId.cpp" produced "CMakeCXXCompilerId.obj"

The CXX compiler identification is MSVC, found in "C:/Users/dsai9/OneDrive/Documents/MATLAB/bno055/custom/matlab_msg_gen/win64/build/aerobot_interfaces/CMakeFiles/3.25.0/CompilerIdCXX/CMakeCXXCompilerId.exe"

Detecting C compiler ABI info compiled with the following output:
Change Dir: C:/Users/dsai9/OneDrive/Documents/MATLAB/bno055/custom/matlab_msg_gen/win64/build/aerobot_interfaces/CMakeFiles/CMakeScratch/TryCompile-6e7sj2

Run Build Command(s):C:/PROGRA~1/MATLAB/R2024a/toolbox/shared/coder/ninja/win64/ninja.exe cmTC_2af61 && [1/2] Building C object CMakeFiles\cmTC_2af61.dir\CMakeCCompilerABI.c.obj
[2/2] Linking C executable cmTC_2af61.exe



Detecting CXX compiler ABI info compiled with the following output:
Change Dir: C:/Users/dsai9/OneDrive/Documents/MATLAB/bno055/custom/matlab_msg_gen/win64/build/aerobot_interfaces/CMakeFiles/CMakeScratch/TryCompile-xvp1ph

Run Build Command(s):C:/PROGRA~1/MATLAB/R2024a/toolbox/shared/coder/ninja/win64/ninja.exe cmTC_f43df && [1/4] Scanning "C:\Program Files\MATLAB\R2024a\bin\win64\cmake\share\cmake-3.25\Modules\CMakeCXXCompilerABI.cpp" for CXX dependencies
[2/4] Generating CXX dyndep file CMakeFiles\cmTC_f43df.dir\CXX.dd
[3/4] Building CXX object CMakeFiles\cmTC_f43df.dir\CMakeCXXCompilerABI.cpp.obj
[4/4] Linking CXX executable cmTC_f43df.exe



